0 verbose cli C:\Program Files\nodejs\node.exe C:\Program Files\nodejs\node_modules\npm\bin\npm-cli.js
1 info using npm@11.9.0
2 info using node@v24.14.0
3 silly config load:file:C:\Program Files\nodejs\node_modules\npm\npmrc
4 silly config load:file:C:\Users\pchal\OneDrive\Desktop\secure-sub\.npmrc
5 silly config load:file:C:\Users\pchal\.npmrc
6 silly config load:file:C:\Users\pchal\AppData\Roaming\npm\etc\npmrc
7 verbose title npm install vitest@3.2.4 @vitest/coverage-v8@3.2.4
8 verbose argv "install" "--save-dev" "vitest@3.2.4" "@vitest/coverage-v8@3.2.4" "--cache" ".npm-cache"
9 verbose logfile logs-max:10 dir:C:\Users\pchal\OneDrive\Desktop\secure-sub\.npm-cache\_logs\2026-03-16T14_45_45_070Z-
10 verbose logfile C:\Users\pchal\OneDrive\Desktop\secure-sub\.npm-cache\_logs\2026-03-16T14_45_45_070Z-debug-0.log
11 silly logfile start cleaning logs, removing 1 files
12 silly packumentCache heap:4496293888 maxSize:1124073472 maxEntrySize:562036736
13 silly logfile done cleaning log files
14 silly idealTree buildDeps
15 silly fetch manifest @vitest/coverage-v8@3.2.4
16 silly packumentCache full:https://registry.npmjs.org/@vitest%2fcoverage-v8 cache-miss
17 http cache https://registry.npmjs.org/@vitest%2fcoverage-v8 66ms (cache hit)
18 silly packumentCache full:https://registry.npmjs.org/@vitest%2fcoverage-v8 set size:466881 disposed:false
19 silly fetch manifest @vitest/browser@3.2.4
20 silly packumentCache full:https://registry.npmjs.org/@vitest%2fbrowser cache-miss
21 http cache https://registry.npmjs.org/@vitest%2fbrowser 3ms (cache hit)
22 silly packumentCache full:https://registry.npmjs.org/@vitest%2fbrowser set size:715547 disposed:false
23 silly fetch manifest playwright@*
24 silly packumentCache full:https://registry.npmjs.org/playwright cache-miss
25 http cache https://registry.npmjs.org/playwright 29ms (cache hit)
26 silly packumentCache full:https://registry.npmjs.org/playwright set size:15848114 disposed:false
27 silly fetch manifest vitest@3.2.4
28 silly packumentCache full:https://registry.npmjs.org/vitest cache-miss
29 http cache https://registry.npmjs.org/vitest 9ms (cache hit)
30 silly packumentCache full:https://registry.npmjs.org/vitest set size:2108986 disposed:false
31 silly fetch manifest @edge-runtime/vm@*
32 silly packumentCache full:https://registry.npmjs.org/@edge-runtime%2fvm cache-miss
33 http cache https://registry.npmjs.org/@edge-runtime%2fvm 5ms (cache hit)
34 silly packumentCache full:https://registry.npmjs.org/@edge-runtime%2fvm set size:269934 disposed:false
35 silly fetch manifest @types/debug@^4.1.12
36 silly packumentCache full:https://registry.npmjs.org/@types%2fdebug cache-miss
37 http fetch GET https://registry.npmjs.org/@types%2fdebug attempt 1 failed with EACCES
38 http fetch GET https://registry.npmjs.org/@types%2fdebug attempt 2 failed with EACCES
39 http fetch GET https://registry.npmjs.org/@types%2fdebug attempt 3 failed with EACCES
40 silly fetch manifest @types/node@^20
41 silly packumentCache full:https://registry.npmjs.org/@types%2fnode cache-miss
42 http cache https://registry.npmjs.org/@types%2fnode 29ms (cache hit)
43 silly packumentCache full:https://registry.npmjs.org/@types%2fnode set size:10939971 disposed:false
44 silly fetch manifest @vitest/ui@3.2.4
45 silly packumentCache full:https://registry.npmjs.org/@vitest%2fui cache-miss
46 http cache https://registry.npmjs.org/@vitest%2fui 12ms (cache hit)
47 silly packumentCache full:https://registry.npmjs.org/@vitest%2fui set size:1204575 disposed:false
48 silly fetch manifest happy-dom@*
49 silly packumentCache full:https://registry.npmjs.org/happy-dom cache-miss
50 http cache https://registry.npmjs.org/happy-dom 7ms (cache hit)
51 silly packumentCache full:https://registry.npmjs.org/happy-dom set size:2441278 disposed:false
52 silly fetch manifest jsdom@*
53 silly packumentCache full:https://registry.npmjs.org/jsdom cache-miss
54 http cache https://registry.npmjs.org/jsdom 8ms (cache hit)
55 silly packumentCache full:https://registry.npmjs.org/jsdom set size:1046697 disposed:false
56 silly fetch manifest canvas@^3.0.0
57 silly packumentCache full:https://registry.npmjs.org/canvas cache-miss
58 http cache https://registry.npmjs.org/canvas 7ms (cache hit)
59 silly packumentCache full:https://registry.npmjs.org/canvas set size:366497 disposed:false
60 silly fetch manifest webdriverio@^7.0.0 || ^8.0.0 || ^9.0.0
61 silly packumentCache full:https://registry.npmjs.org/webdriverio cache-miss
62 http cache https://registry.npmjs.org/webdriverio 12ms (cache hit)
63 silly packumentCache full:https://registry.npmjs.org/webdriverio set size:3119556 disposed:false
64 silly fetch manifest puppeteer-core@>=22.x || <=24.x
65 silly packumentCache full:https://registry.npmjs.org/puppeteer-core cache-miss
66 http cache https://registry.npmjs.org/puppeteer-core 7ms (cache hit)
67 silly packumentCache full:https://registry.npmjs.org/puppeteer-core set size:1496790 disposed:false
68 silly placeDep ROOT @vitest/coverage-v8@3.2.4 REPLACE for: secure-sub@0.1.0 want: 3.2.4
69 silly placeDep ROOT vitest@3.2.4 OK for: @vitest/coverage-v8@3.2.4 want: 3.2.4
70 silly placeDep ROOT vitest@3.2.4 REPLACE for: secure-sub@0.1.0 want: 3.2.4
71 silly fetch manifest magicast@^0.3.5
72 silly packumentCache full:https://registry.npmjs.org/magicast cache-miss
73 silly fetch manifest tinyrainbow@^2.0.0
74 silly packumentCache full:https://registry.npmjs.org/tinyrainbow cache-miss
75 silly fetch manifest test-exclude@^7.0.1
76 silly packumentCache full:https://registry.npmjs.org/test-exclude cache-miss
77 silly fetch manifest ast-v8-to-istanbul@^0.3.3
78 silly packumentCache full:https://registry.npmjs.org/ast-v8-to-istanbul cache-miss
79 silly fetch manifest @ampproject/remapping@^2.3.0
80 silly packumentCache full:https://registry.npmjs.org/@ampproject%2fremapping cache-miss
81 silly fetch manifest istanbul-lib-source-maps@^5.0.6
82 silly packumentCache full:https://registry.npmjs.org/istanbul-lib-source-maps cache-miss
83 silly fetch manifest chai@^5.2.0
84 silly packumentCache full:https://registry.npmjs.org/chai cache-miss
85 silly fetch manifest vite@^5.0.0 || ^6.0.0 || ^7.0.0-0
86 silly packumentCache full:https://registry.npmjs.org/vite cache-miss
87 silly fetch manifest tinyexec@^0.3.2
88 silly packumentCache full:https://registry.npmjs.org/tinyexec cache-miss
89 silly fetch manifest tinypool@^1.1.1
90 silly packumentCache full:https://registry.npmjs.org/tinypool cache-miss
91 silly fetch manifest picomatch@^4.0.2
92 silly packumentCache full:https://registry.npmjs.org/picomatch cache-miss
93 silly fetch manifest tinybench@^2.9.0
94 silly packumentCache full:https://registry.npmjs.org/tinybench cache-miss
95 silly fetch manifest vite-node@3.2.4
96 silly packumentCache full:https://registry.npmjs.org/vite-node cache-miss
97 silly fetch manifest @types/chai@^5.2.2
98 silly packumentCache full:https://registry.npmjs.org/@types%2fchai cache-miss
99 silly fetch manifest @vitest/spy@3.2.4
100 silly packumentCache full:https://registry.npmjs.org/@vitest%2fspy cache-miss
101 silly fetch manifest expect-type@^1.2.1
102 silly packumentCache full:https://registry.npmjs.org/expect-type cache-miss
103 silly fetch manifest tinyrainbow@^2.0.0
104 silly packumentCache full:https://registry.npmjs.org/tinyrainbow cache-miss
105 silly fetch manifest @vitest/utils@3.2.4
106 silly packumentCache full:https://registry.npmjs.org/@vitest%2futils cache-miss
107 silly fetch manifest @vitest/expect@3.2.4
108 silly packumentCache full:https://registry.npmjs.org/@vitest%2fexpect cache-miss
109 http cache https://registry.npmjs.org/ast-v8-to-istanbul 46ms (cache hit)
110 silly packumentCache full:https://registry.npmjs.org/ast-v8-to-istanbul set size:88421 disposed:false
111 silly fetch manifest @vitest/mocker@3.2.4
112 silly packumentCache full:https://registry.npmjs.org/@vitest%2fmocker cache-miss
113 http cache https://registry.npmjs.org/tinybench 51ms (cache hit)
114 silly packumentCache full:https://registry.npmjs.org/tinybench set size:156830 disposed:false
115 silly fetch manifest @vitest/runner@3.2.4
116 silly packumentCache full:https://registry.npmjs.org/@vitest%2frunner cache-miss
117 http cache https://registry.npmjs.org/tinyrainbow 54ms (cache hit)
118 silly packumentCache full:https://registry.npmjs.org/tinyrainbow set size:23953 disposed:false
119 silly fetch manifest @vitest/snapshot@3.2.4
120 silly packumentCache full:https://registry.npmjs.org/@vitest%2fsnapshot cache-miss
121 http cache https://registry.npmjs.org/magicast 56ms (cache hit)
122 silly packumentCache full:https://registry.npmjs.org/magicast set size:81021 disposed:false
123 silly fetch manifest why-is-node-running@^2.3.0
124 silly packumentCache full:https://registry.npmjs.org/why-is-node-running cache-miss
125 http cache https://registry.npmjs.org/@vitest%2fspy 55ms (cache hit)
126 silly packumentCache full:https://registry.npmjs.org/@vitest%2fspy set size:404830 disposed:false
127 silly fetch manifest @vitest/pretty-format@^3.2.4
128 silly packumentCache full:https://registry.npmjs.org/@vitest%2fpretty-format cache-miss
129 http cache https://registry.npmjs.org/chai 61ms (cache hit)
130 silly packumentCache full:https://registry.npmjs.org/chai set size:232540 disposed:false
131 silly fetch manifest vite@^5.0.0 || ^6.0.0 || ^7.0.0-0
132 silly packumentCache full:https://registry.npmjs.org/vite cache-miss
133 http cache https://registry.npmjs.org/picomatch 65ms (cache hit)
134 silly packumentCache full:https://registry.npmjs.org/picomatch set size:118818 disposed:false
135 silly fetch manifest tinyexec@^0.3.2
136 silly packumentCache full:https://registry.npmjs.org/tinyexec cache-miss
137 http cache https://registry.npmjs.org/@types%2fchai 69ms (cache hit)
138 silly packumentCache full:https://registry.npmjs.org/@types%2fchai set size:226260 disposed:false
139 silly fetch manifest tinypool@^1.1.1
140 silly packumentCache full:https://registry.npmjs.org/tinypool cache-miss
141 http cache https://registry.npmjs.org/vite 138ms (cache hit)
142 silly packumentCache full:https://registry.npmjs.org/vite set size:38751751 disposed:false
143 silly fetch manifest vite-node@3.2.4
144 silly packumentCache full:https://registry.npmjs.org/vite-node cache-miss
145 http cache https://registry.npmjs.org/tinyrainbow 282ms (cache hit)
146 silly packumentCache full:https://registry.npmjs.org/tinyrainbow set size:23953 disposed:false
147 silly packumentCache full:https://registry.npmjs.org/tinyrainbow dispose
148 silly fetch manifest expect-type@^1.2.1
149 silly packumentCache full:https://registry.npmjs.org/expect-type cache-miss
150 http cache https://registry.npmjs.org/expect-type 289ms (cache hit)
151 silly packumentCache full:https://registry.npmjs.org/expect-type set size:185336 disposed:false
152 silly fetch manifest @vitest/utils@3.2.4
153 silly packumentCache full:https://registry.npmjs.org/@vitest%2futils cache-miss
154 http cache https://registry.npmjs.org/@vitest%2fexpect 294ms (cache hit)
155 silly packumentCache full:https://registry.npmjs.org/@vitest%2fexpect set size:437493 disposed:false
156 silly fetch manifest @vitest/mocker@3.2.4
157 silly packumentCache full:https://registry.npmjs.org/@vitest%2fmocker cache-miss
158 http cache https://registry.npmjs.org/@vitest%2futils 297ms (cache hit)
159 silly packumentCache full:https://registry.npmjs.org/@vitest%2futils set size:517008 disposed:false
160 silly fetch manifest @vitest/runner@3.2.4
161 silly packumentCache full:https://registry.npmjs.org/@vitest%2frunner cache-miss
162 http fetch GET https://registry.npmjs.org/test-exclude attempt 1 failed with EACCES
163 http fetch GET https://registry.npmjs.org/@ampproject%2fremapping attempt 1 failed with EACCES
164 http fetch GET https://registry.npmjs.org/istanbul-lib-source-maps attempt 1 failed with EACCES
165 http fetch GET https://registry.npmjs.org/tinypool attempt 1 failed with EACCES
166 http fetch GET https://registry.npmjs.org/vite-node attempt 1 failed with EACCES
167 http fetch GET https://registry.npmjs.org/tinyexec attempt 1 failed with EACCES
168 http fetch GET https://registry.npmjs.org/tinypool attempt 1 failed with EACCES
169 http fetch GET https://registry.npmjs.org/vite-node attempt 1 failed with EACCES
170 http cache https://registry.npmjs.org/@vitest%2fmocker 283ms (cache hit)
171 silly packumentCache full:https://registry.npmjs.org/@vitest%2fmocker set size:266597 disposed:false
172 silly fetch manifest @vitest/snapshot@3.2.4
173 silly packumentCache full:https://registry.npmjs.org/@vitest%2fsnapshot cache-miss
174 http cache https://registry.npmjs.org/@vitest%2frunner 283ms (cache hit)
175 silly packumentCache full:https://registry.npmjs.org/@vitest%2frunner set size:425041 disposed:false
176 silly fetch manifest why-is-node-running@^2.3.0
177 silly packumentCache full:https://registry.npmjs.org/why-is-node-running cache-miss
178 http cache https://registry.npmjs.org/why-is-node-running 286ms (cache hit)
179 silly packumentCache full:https://registry.npmjs.org/why-is-node-running set size:50482 disposed:false
180 silly fetch manifest @vitest/pretty-format@^3.2.4
181 silly packumentCache full:https://registry.npmjs.org/@vitest%2fpretty-format cache-miss
182 http cache https://registry.npmjs.org/@vitest%2fsnapshot 292ms (cache hit)
183 silly packumentCache full:https://registry.npmjs.org/@vitest%2fsnapshot set size:410433 disposed:false
184 http cache https://registry.npmjs.org/@vitest%2fpretty-format 292ms (cache hit)
185 silly packumentCache full:https://registry.npmjs.org/@vitest%2fpretty-format set size:235271 disposed:false
186 http cache https://registry.npmjs.org/expect-type 71ms (cache hit)
187 silly packumentCache full:https://registry.npmjs.org/expect-type set size:185336 disposed:false
188 silly packumentCache full:https://registry.npmjs.org/expect-type dispose
189 http cache https://registry.npmjs.org/@vitest%2frunner 60ms (cache hit)
190 silly packumentCache full:https://registry.npmjs.org/@vitest%2frunner set size:425041 disposed:false
191 silly packumentCache full:https://registry.npmjs.org/@vitest%2frunner dispose
192 http cache https://registry.npmjs.org/@vitest%2fmocker 67ms (cache hit)
193 silly packumentCache full:https://registry.npmjs.org/@vitest%2fmocker set size:266597 disposed:false
194 silly packumentCache full:https://registry.npmjs.org/@vitest%2fmocker dispose
195 http cache https://registry.npmjs.org/@vitest%2futils 75ms (cache hit)
196 silly packumentCache full:https://registry.npmjs.org/@vitest%2futils set size:517008 disposed:false
197 silly packumentCache full:https://registry.npmjs.org/@vitest%2futils dispose
198 http cache https://registry.npmjs.org/vite 369ms (cache hit)
199 silly packumentCache full:https://registry.npmjs.org/vite set size:38751751 disposed:false
200 http fetch GET https://registry.npmjs.org/tinyexec attempt 1 failed with EACCES
201 http cache https://registry.npmjs.org/@vitest%2fsnapshot 252ms (cache hit)
202 silly packumentCache full:https://registry.npmjs.org/@vitest%2fsnapshot set size:410433 disposed:false
203 silly packumentCache full:https://registry.npmjs.org/@vitest%2fsnapshot dispose
204 http cache https://registry.npmjs.org/why-is-node-running 245ms (cache hit)
205 silly packumentCache full:https://registry.npmjs.org/why-is-node-running set size:50482 disposed:false
206 silly packumentCache full:https://registry.npmjs.org/why-is-node-running dispose
207 http cache https://registry.npmjs.org/@vitest%2fpretty-format 245ms (cache hit)
208 silly packumentCache full:https://registry.npmjs.org/@vitest%2fpretty-format set size:235271 disposed:false
209 silly packumentCache full:https://registry.npmjs.org/@vitest%2fpretty-format dispose
210 http fetch GET https://registry.npmjs.org/test-exclude attempt 2 failed with EACCES
211 http fetch GET https://registry.npmjs.org/@ampproject%2fremapping attempt 2 failed with EACCES
212 http fetch GET https://registry.npmjs.org/istanbul-lib-source-maps attempt 2 failed with EACCES
213 http fetch GET https://registry.npmjs.org/tinypool attempt 2 failed with EACCES
214 http fetch GET https://registry.npmjs.org/vite-node attempt 2 failed with EACCES
215 http fetch GET https://registry.npmjs.org/tinyexec attempt 2 failed with EACCES
216 http fetch GET https://registry.npmjs.org/tinypool attempt 2 failed with EACCES
217 http fetch GET https://registry.npmjs.org/vite-node attempt 2 failed with EACCES
218 http fetch GET https://registry.npmjs.org/tinyexec attempt 2 failed with EACCES
219 http fetch GET https://registry.npmjs.org/test-exclude attempt 3 failed with EACCES
220 http fetch GET https://registry.npmjs.org/@ampproject%2fremapping attempt 3 failed with EACCES
221 http fetch GET https://registry.npmjs.org/istanbul-lib-source-maps attempt 3 failed with EACCES
222 http fetch GET https://registry.npmjs.org/tinypool attempt 3 failed with EACCES
223 http fetch GET https://registry.npmjs.org/vite-node attempt 3 failed with EACCES
224 http fetch GET https://registry.npmjs.org/tinyexec attempt 3 failed with EACCES
225 http fetch GET https://registry.npmjs.org/tinypool attempt 3 failed with EACCES
226 http fetch GET https://registry.npmjs.org/vite-node attempt 3 failed with EACCES
227 http fetch GET 200 https://registry.npmjs.org/tinyexec 70384ms (cache stale)
228 silly packumentCache full:https://registry.npmjs.org/tinyexec set size:43341 disposed:false
229 http fetch GET https://registry.npmjs.org/tinyexec attempt 3 failed with EACCES
230 http fetch GET 200 https://registry.npmjs.org/tinyexec 70542ms (cache stale)
231 silly packumentCache full:https://registry.npmjs.org/tinyexec set size:43341 disposed:false
232 silly packumentCache full:https://registry.npmjs.org/tinyexec dispose
233 silly fetch manifest test-exclude@^7.0.1
234 silly packumentCache full:https://registry.npmjs.org/test-exclude cache-miss
235 http fetch GET https://registry.npmjs.org/test-exclude attempt 1 failed with EACCES
236 http fetch GET https://registry.npmjs.org/test-exclude attempt 2 failed with EACCES
237 http fetch GET https://registry.npmjs.org/test-exclude attempt 3 failed with EACCES
238 silly fetch manifest @ampproject/remapping@^2.3.0
239 silly packumentCache full:https://registry.npmjs.org/@ampproject%2fremapping cache-miss
240 http fetch GET https://registry.npmjs.org/@ampproject%2fremapping attempt 1 failed with EACCES
241 http fetch GET https://registry.npmjs.org/@ampproject%2fremapping attempt 2 failed with EACCES
242 http fetch GET https://registry.npmjs.org/@ampproject%2fremapping attempt 3 failed with EACCES
243 silly fetch manifest istanbul-lib-source-maps@^5.0.6
244 silly packumentCache full:https://registry.npmjs.org/istanbul-lib-source-maps cache-miss
245 http fetch GET https://registry.npmjs.org/istanbul-lib-source-maps attempt 1 failed with EACCES
246 http fetch GET https://registry.npmjs.org/istanbul-lib-source-maps attempt 2 failed with EACCES
247 http fetch GET https://registry.npmjs.org/istanbul-lib-source-maps attempt 3 failed with EACCES
248 silly placeDep node_modules/@vitest/coverage-v8 @ampproject/remapping@ OK for: @vitest/coverage-v8@3.2.4 want: ^2.3.0
249 silly placeDep ROOT ast-v8-to-istanbul@0.3.12 OK for: @vitest/coverage-v8@3.2.4 want: ^0.3.3
250 silly placeDep node_modules/@vitest/coverage-v8 istanbul-lib-source-maps@ OK for: @vitest/coverage-v8@3.2.4 want: ^5.0.6
251 silly placeDep ROOT magicast@0.3.5 OK for: @vitest/coverage-v8@3.2.4 want: ^0.3.5
252 silly placeDep node_modules/@vitest/coverage-v8 test-exclude@ OK for: @vitest/coverage-v8@3.2.4 want: ^7.0.1
253 silly placeDep ROOT tinyrainbow@2.0.0 OK for: @vitest/coverage-v8@3.2.4 want: ^2.0.0
254 silly fetch manifest js-tokens@^10.0.0
255 silly packumentCache full:https://registry.npmjs.org/js-tokens cache-miss
256 silly fetch manifest estree-walker@^3.0.3
257 silly packumentCache full:https://registry.npmjs.org/estree-walker cache-miss
258 http fetch GET https://registry.npmjs.org/js-tokens attempt 1 failed with EACCES
259 http fetch GET https://registry.npmjs.org/estree-walker attempt 1 failed with EACCES
260 http fetch GET https://registry.npmjs.org/js-tokens attempt 2 failed with EACCES
261 http fetch GET https://registry.npmjs.org/estree-walker attempt 2 failed with EACCES
262 http fetch GET https://registry.npmjs.org/js-tokens attempt 3 failed with EACCES
263 http fetch GET https://registry.npmjs.org/estree-walker attempt 3 failed with EACCES
264 http fetch GET 200 https://registry.npmjs.org/js-tokens 70042ms (cache stale)
265 silly packumentCache full:https://registry.npmjs.org/js-tokens set size:41947 disposed:false
266 http fetch GET 200 https://registry.npmjs.org/estree-walker 70043ms (cache stale)
267 silly packumentCache full:https://registry.npmjs.org/estree-walker set size:60887 disposed:false
268 silly placeDep ROOT estree-walker@3.0.3 OK for: ast-v8-to-istanbul@0.3.12 want: ^3.0.3
269 silly placeDep node_modules/ast-v8-to-istanbul js-tokens@10.0.0 OK for: ast-v8-to-istanbul@0.3.12 want: ^10.0.0
270 silly fetch manifest @types/node@^18.0.0 || ^20.0.0 || >=22.0.0
271 silly packumentCache full:https://registry.npmjs.org/@types%2fnode cache-miss
272 http fetch GET https://registry.npmjs.org/@types%2fnode attempt 1 failed with EACCES
273 http fetch GET https://registry.npmjs.org/@types%2fnode attempt 2 failed with EACCES
274 http fetch GET https://registry.npmjs.org/@types%2fnode attempt 3 failed with EACCES
275 http fetch GET 200 https://registry.npmjs.org/@types%2fnode 70063ms (cache stale)
276 silly packumentCache full:https://registry.npmjs.org/@types%2fnode set size:10939971 disposed:false
277 silly fetch manifest jiti@>=1.21.0
278 silly packumentCache full:https://registry.npmjs.org/jiti cache-miss
279 http fetch GET https://registry.npmjs.org/jiti attempt 1 failed with EACCES
280 http fetch GET https://registry.npmjs.org/jiti attempt 2 failed with EACCES
281 http fetch GET https://registry.npmjs.org/jiti attempt 3 failed with EACCES
282 http fetch GET 200 https://registry.npmjs.org/jiti 70048ms (cache stale)
283 silly packumentCache full:https://registry.npmjs.org/jiti set size:382310 disposed:false
284 silly fetch manifest less@^4.0.0
285 silly packumentCache full:https://registry.npmjs.org/less cache-miss
286 http fetch GET https://registry.npmjs.org/less attempt 1 failed with EACCES
287 http fetch GET https://registry.npmjs.org/less attempt 2 failed with EACCES
