0 verbose cli C:\Program Files\nodejs\node.exe C:\Program Files\nodejs\node_modules\npm\bin\npm-cli.js
1 info using npm@11.9.0
2 info using node@v24.14.0
3 silly config load:file:C:\Program Files\nodejs\node_modules\npm\npmrc
4 silly config load:file:C:\Users\pchal\OneDrive\Desktop\secure-sub\.npmrc
5 silly config load:file:C:\Users\pchal\.npmrc
6 silly config load:file:C:\Users\pchal\AppData\Roaming\npm\etc\npmrc
7 verbose title npm install next-auth @auth/prisma-adapter bcrypt
8 verbose argv "install" "next-auth" "@auth/prisma-adapter" "bcrypt" "--save" "--cache" ".npm-cache"
9 verbose logfile logs-max:10 dir:C:\Users\pchal\OneDrive\Desktop\secure-sub\.npm-cache\_logs\2026-03-16T14_05_31_582Z-
10 verbose logfile C:\Users\pchal\OneDrive\Desktop\secure-sub\.npm-cache\_logs\2026-03-16T14_05_31_582Z-debug-0.log
11 silly logfile done cleaning log files
12 silly packumentCache heap:4496293888 maxSize:1124073472 maxEntrySize:562036736
13 silly idealTree buildDeps
14 silly fetch manifest next-auth@*
15 silly packumentCache full:https://registry.npmjs.org/next-auth cache-miss
16 http fetch GET 200 https://registry.npmjs.org/next-auth 273ms (cache miss)
17 silly packumentCache full:https://registry.npmjs.org/next-auth set size:undefined disposed:false
18 silly fetch manifest @auth/core@0.34.3
19 silly packumentCache full:https://registry.npmjs.org/@auth%2fcore cache-miss
20 http fetch GET 200 https://registry.npmjs.org/@auth%2fcore 72ms (cache miss)
21 silly packumentCache full:https://registry.npmjs.org/@auth%2fcore set size:undefined disposed:false
22 silly fetch manifest @simplewebauthn/browser@^9.0.1
23 silly packumentCache full:https://registry.npmjs.org/@simplewebauthn%2fbrowser cache-miss
24 http fetch GET 200 https://registry.npmjs.org/@simplewebauthn%2fbrowser 183ms (cache miss)
25 silly packumentCache full:https://registry.npmjs.org/@simplewebauthn%2fbrowser set size:undefined disposed:false
26 silly fetch manifest @simplewebauthn/server@^9.0.2
27 silly packumentCache full:https://registry.npmjs.org/@simplewebauthn%2fserver cache-miss
28 http fetch GET 200 https://registry.npmjs.org/@simplewebauthn%2fserver 88ms (cache miss)
29 silly packumentCache full:https://registry.npmjs.org/@simplewebauthn%2fserver set size:undefined disposed:false
30 silly fetch manifest nodemailer@^7
31 silly packumentCache full:https://registry.npmjs.org/nodemailer cache-miss
32 http fetch GET 200 https://registry.npmjs.org/nodemailer 86ms (cache miss)
33 silly packumentCache full:https://registry.npmjs.org/nodemailer set size:undefined disposed:false
34 silly fetch manifest next@16.1.6
35 silly packumentCache full:https://registry.npmjs.org/next cache-miss
36 http fetch GET 200 https://registry.npmjs.org/next 342ms (cache miss)
37 silly packumentCache full:https://registry.npmjs.org/next set size:undefined disposed:false
38 silly fetch manifest @opentelemetry/api@^1.1.0
39 silly packumentCache full:https://registry.npmjs.org/@opentelemetry%2fapi cache-miss
40 http fetch GET 200 https://registry.npmjs.org/@opentelemetry%2fapi 62ms (cache miss)
41 silly packumentCache full:https://registry.npmjs.org/@opentelemetry%2fapi set size:undefined disposed:false
42 silly fetch manifest @playwright/test@^1.51.1
43 silly packumentCache full:https://registry.npmjs.org/@playwright%2ftest cache-miss
44 http fetch GET 200 https://registry.npmjs.org/@playwright%2ftest 183ms (cache miss)
45 silly packumentCache full:https://registry.npmjs.org/@playwright%2ftest set size:undefined disposed:false
46 silly fetch manifest babel-plugin-react-compiler@1.0.0
47 silly packumentCache full:https://registry.npmjs.org/babel-plugin-react-compiler cache-miss
48 http fetch GET 200 https://registry.npmjs.org/babel-plugin-react-compiler 113ms (cache miss)
49 silly packumentCache full:https://registry.npmjs.org/babel-plugin-react-compiler set size:undefined disposed:false
50 silly fetch manifest react@19.2.3
51 silly packumentCache full:https://registry.npmjs.org/react cache-miss
52 http fetch GET 200 https://registry.npmjs.org/react 69ms (cache revalidated)
53 silly packumentCache full:https://registry.npmjs.org/react set size:6543561 disposed:false
54 silly fetch manifest react-dom@19.2.3
55 silly packumentCache full:https://registry.npmjs.org/react-dom cache-miss
56 http fetch GET 200 https://registry.npmjs.org/react-dom 61ms (cache revalidated)
57 silly packumentCache full:https://registry.npmjs.org/react-dom set size:8685222 disposed:false
58 silly fetch manifest sass@^1.3.0
59 silly packumentCache full:https://registry.npmjs.org/sass cache-miss
60 http fetch GET 200 https://registry.npmjs.org/sass 73ms (cache miss)
61 silly packumentCache full:https://registry.npmjs.org/sass set size:undefined disposed:false
62 silly fetch manifest @auth/prisma-adapter@*
63 silly packumentCache full:https://registry.npmjs.org/@auth%2fprisma-adapter cache-miss
64 http fetch GET 200 https://registry.npmjs.org/@auth%2fprisma-adapter 205ms (cache miss)
65 silly packumentCache full:https://registry.npmjs.org/@auth%2fprisma-adapter set size:undefined disposed:false
66 silly fetch manifest @prisma/client@^7.5.0
67 silly packumentCache full:https://registry.npmjs.org/@prisma%2fclient cache-miss
68 http fetch GET 200 https://registry.npmjs.org/@prisma%2fclient 270ms (cache revalidated)
69 silly packumentCache full:https://registry.npmjs.org/@prisma%2fclient set size:67157509 disposed:false
70 silly fetch manifest prisma@^7.5.0
71 silly packumentCache full:https://registry.npmjs.org/prisma cache-miss
72 http fetch GET 200 https://registry.npmjs.org/prisma 127ms (cache revalidated)
73 silly packumentCache full:https://registry.npmjs.org/prisma set size:42795627 disposed:false
74 silly fetch manifest better-sqlite3@>=9.0.0
75 silly packumentCache full:https://registry.npmjs.org/better-sqlite3 cache-miss
76 http fetch GET 200 https://registry.npmjs.org/better-sqlite3 71ms (cache revalidated)
77 silly packumentCache full:https://registry.npmjs.org/better-sqlite3 set size:372287 disposed:false
78 silly fetch manifest typescript@^5
79 silly packumentCache full:https://registry.npmjs.org/typescript cache-miss
80 http fetch GET 200 https://registry.npmjs.org/typescript 87ms (cache revalidated)
81 silly packumentCache full:https://registry.npmjs.org/typescript set size:15362277 disposed:false
82 silly fetch manifest bcrypt@*
83 silly packumentCache full:https://registry.npmjs.org/bcrypt cache-miss
84 http fetch GET 200 https://registry.npmjs.org/bcrypt 53ms (cache miss)
85 silly packumentCache full:https://registry.npmjs.org/bcrypt set size:undefined disposed:false
86 silly placeDep ROOT @auth/prisma-adapter@2.11.1 OK for: secure-sub@0.1.0 want: *
87 silly placeDep ROOT bcrypt@6.0.0 OK for: secure-sub@0.1.0 want: *
88 silly placeDep ROOT next-auth@4.24.13 OK for: secure-sub@0.1.0 want: *
89 silly fetch manifest @auth/core@0.41.1
90 silly packumentCache full:https://registry.npmjs.org/@auth%2fcore cache-miss
91 silly fetch manifest node-addon-api@^8.3.0
92 silly packumentCache full:https://registry.npmjs.org/node-addon-api cache-miss
93 silly fetch manifest node-gyp-build@^4.8.4
94 silly packumentCache full:https://registry.npmjs.org/node-gyp-build cache-miss
95 silly fetch manifest @babel/runtime@^7.20.13
96 silly packumentCache full:https://registry.npmjs.org/@babel%2fruntime cache-miss
97 silly fetch manifest @panva/hkdf@^1.0.2
98 silly packumentCache full:https://registry.npmjs.org/@panva%2fhkdf cache-miss
99 silly fetch manifest cookie@^0.7.0
100 silly packumentCache full:https://registry.npmjs.org/cookie cache-miss
101 silly fetch manifest jose@^4.15.5
102 silly packumentCache full:https://registry.npmjs.org/jose cache-miss
103 silly fetch manifest oauth@^0.9.15
104 silly packumentCache full:https://registry.npmjs.org/oauth cache-miss
105 silly fetch manifest openid-client@^5.4.0
106 silly packumentCache full:https://registry.npmjs.org/openid-client cache-miss
107 silly fetch manifest preact@^10.6.3
108 silly packumentCache full:https://registry.npmjs.org/preact cache-miss
109 silly fetch manifest preact-render-to-string@^5.1.19
110 silly packumentCache full:https://registry.npmjs.org/preact-render-to-string cache-miss
111 silly fetch manifest uuid@^8.3.2
112 silly packumentCache full:https://registry.npmjs.org/uuid cache-miss
113 http cache https://registry.npmjs.org/@auth%2fcore 28ms (cache hit)
114 silly packumentCache full:https://registry.npmjs.org/@auth%2fcore set size:375031 disposed:false
115 http fetch GET 200 https://registry.npmjs.org/node-addon-api 82ms (cache miss)
116 silly packumentCache full:https://registry.npmjs.org/node-addon-api set size:undefined disposed:false
117 http fetch GET 200 https://registry.npmjs.org/oauth 168ms (cache miss)
118 silly packumentCache full:https://registry.npmjs.org/oauth set size:undefined disposed:false
119 http fetch GET 200 https://registry.npmjs.org/cookie 210ms (cache miss)
120 silly packumentCache full:https://registry.npmjs.org/cookie set size:undefined disposed:false
121 http fetch GET 200 https://registry.npmjs.org/node-gyp-build 212ms (cache miss)
122 silly packumentCache full:https://registry.npmjs.org/node-gyp-build set size:undefined disposed:false
123 http fetch GET 200 https://registry.npmjs.org/uuid 217ms (cache miss)
124 silly packumentCache full:https://registry.npmjs.org/uuid set size:undefined disposed:false
125 http fetch GET 200 https://registry.npmjs.org/preact-render-to-string 227ms (cache miss)
126 silly packumentCache full:https://registry.npmjs.org/preact-render-to-string set size:undefined disposed:false
127 http fetch GET 200 https://registry.npmjs.org/openid-client 276ms (cache miss)
128 silly packumentCache full:https://registry.npmjs.org/openid-client set size:undefined disposed:false
129 http fetch GET 200 https://registry.npmjs.org/jose 295ms (cache miss)
130 silly packumentCache full:https://registry.npmjs.org/jose set size:undefined disposed:false
131 http fetch GET 200 https://registry.npmjs.org/@panva%2fhkdf 305ms (cache miss)
132 silly packumentCache full:https://registry.npmjs.org/@panva%2fhkdf set size:undefined disposed:false
133 http fetch GET 200 https://registry.npmjs.org/preact 310ms (cache miss)
134 silly packumentCache full:https://registry.npmjs.org/preact set size:undefined disposed:false
135 http fetch GET 200 https://registry.npmjs.org/@babel%2fruntime 363ms (cache miss)
136 silly packumentCache full:https://registry.npmjs.org/@babel%2fruntime set size:undefined disposed:false
137 silly fetch manifest nodemailer@^7.0.7
138 silly packumentCache full:https://registry.npmjs.org/nodemailer cache-miss
139 http cache https://registry.npmjs.org/nodemailer 5ms (cache hit)
140 silly packumentCache full:https://registry.npmjs.org/nodemailer set size:565442 disposed:false
141 silly placeDep ROOT @auth/core@0.41.1 OK for: @auth/prisma-adapter@2.11.1 want: 0.41.1
142 silly fetch manifest jose@^6.0.6
143 silly packumentCache full:https://registry.npmjs.org/jose cache-miss
144 silly fetch manifest preact@10.24.3
145 silly packumentCache full:https://registry.npmjs.org/preact cache-miss
146 silly fetch manifest @panva/hkdf@^1.2.1
147 silly packumentCache full:https://registry.npmjs.org/@panva%2fhkdf cache-miss
148 silly fetch manifest oauth4webapi@^3.3.0
149 silly packumentCache full:https://registry.npmjs.org/oauth4webapi cache-miss
150 silly fetch manifest preact-render-to-string@6.5.11
151 silly packumentCache full:https://registry.npmjs.org/preact-render-to-string cache-miss
152 http cache https://registry.npmjs.org/@panva%2fhkdf 4ms (cache hit)
153 silly packumentCache full:https://registry.npmjs.org/@panva%2fhkdf set size:22482 disposed:false
154 http cache https://registry.npmjs.org/preact-render-to-string 6ms (cache hit)
155 silly packumentCache full:https://registry.npmjs.org/preact-render-to-string set size:526577 disposed:false
156 http cache https://registry.npmjs.org/jose 14ms (cache hit)
157 silly packumentCache full:https://registry.npmjs.org/jose set size:1402068 disposed:false
158 http cache https://registry.npmjs.org/preact 20ms (cache hit)
159 silly packumentCache full:https://registry.npmjs.org/preact set size:1810461 disposed:false
160 http fetch GET 200 https://registry.npmjs.org/oauth4webapi 262ms (cache miss)
161 silly packumentCache full:https://registry.npmjs.org/oauth4webapi set size:undefined disposed:false
162 silly placeDep ROOT @panva/hkdf@1.2.1 OK for: @auth/core@0.41.1 want: ^1.2.1
163 silly placeDep ROOT jose@6.2.1 OK for: @auth/core@0.41.1 want: ^6.0.6
164 silly placeDep ROOT oauth4webapi@3.8.5 OK for: @auth/core@0.41.1 want: ^3.3.0
165 silly placeDep ROOT preact@10.24.3 OK for: @auth/core@0.41.1 want: 10.24.3
166 silly placeDep ROOT preact-render-to-string@6.5.11 OK for: @auth/core@0.41.1 want: 6.5.11
167 silly placeDep ROOT node-addon-api@8.6.0 OK for: bcrypt@6.0.0 want: ^8.3.0
168 silly placeDep ROOT node-gyp-build@4.8.4 OK for: bcrypt@6.0.0 want: ^4.8.4
169 silly placeDep ROOT @auth/core@0.34.3 REPLACE for: next-auth@4.24.13 want: 0.34.3
170 silly placeDep ROOT @babel/runtime@7.28.6 OK for: next-auth@4.24.13 want: ^7.20.13
171 silly placeDep ROOT cookie@0.7.2 OK for: next-auth@4.24.13 want: ^0.7.0
172 silly placeDep ROOT jose@4.15.9 OK for: next-auth@4.24.13 want: ^4.15.5
173 silly placeDep ROOT oauth@0.9.15 OK for: next-auth@4.24.13 want: ^0.9.15
174 silly placeDep ROOT openid-client@5.7.1 OK for: next-auth@4.24.13 want: ^5.4.0
175 silly placeDep ROOT preact-render-to-string@5.2.6 OK for: next-auth@4.24.13 want: ^5.1.19
176 silly placeDep ROOT uuid@8.3.2 OK for: next-auth@4.24.13 want: ^8.3.2
177 silly fetch manifest @types/cookie@0.6.0
178 silly packumentCache full:https://registry.npmjs.org/@types%2fcookie cache-miss
179 silly fetch manifest cookie@0.6.0
180 silly packumentCache full:https://registry.npmjs.org/cookie cache-miss
181 silly fetch manifest jose@^5.1.3
182 silly packumentCache full:https://registry.npmjs.org/jose cache-miss
183 silly fetch manifest oauth4webapi@^2.10.4
184 silly packumentCache full:https://registry.npmjs.org/oauth4webapi cache-miss
185 silly fetch manifest preact@10.11.3
186 silly packumentCache full:https://registry.npmjs.org/preact cache-miss
187 silly fetch manifest preact-render-to-string@5.2.3
188 silly packumentCache full:https://registry.npmjs.org/preact-render-to-string cache-hit
189 silly fetch manifest lru-cache@^6.0.0
190 silly packumentCache full:https://registry.npmjs.org/lru-cache cache-miss
191 silly fetch manifest object-hash@^2.2.0
192 silly packumentCache full:https://registry.npmjs.org/object-hash cache-miss
193 silly fetch manifest oidc-token-hash@^5.0.3
194 silly packumentCache full:https://registry.npmjs.org/oidc-token-hash cache-miss
195 silly fetch manifest pretty-format@^3.8.0
196 silly packumentCache full:https://registry.npmjs.org/pretty-format cache-miss
197 http cache https://registry.npmjs.org/cookie 9ms (cache hit)
198 silly packumentCache full:https://registry.npmjs.org/cookie set size:72891 disposed:false
199 http cache https://registry.npmjs.org/jose 14ms (cache hit)
200 silly packumentCache full:https://registry.npmjs.org/jose set size:1402068 disposed:false
201 http cache https://registry.npmjs.org/oauth4webapi 21ms (cache hit)
202 silly packumentCache full:https://registry.npmjs.org/oauth4webapi set size:281564 disposed:false
203 http cache https://registry.npmjs.org/preact 25ms (cache hit)
204 silly packumentCache full:https://registry.npmjs.org/preact set size:1810461 disposed:false
205 http fetch GET 200 https://registry.npmjs.org/object-hash 276ms (cache miss)
206 silly packumentCache full:https://registry.npmjs.org/object-hash set size:undefined disposed:false
207 http fetch GET 200 https://registry.npmjs.org/oidc-token-hash 277ms (cache miss)
208 silly packumentCache full:https://registry.npmjs.org/oidc-token-hash set size:undefined disposed:false
209 http fetch GET 200 https://registry.npmjs.org/pretty-format 278ms (cache miss)
210 silly packumentCache full:https://registry.npmjs.org/pretty-format set size:undefined disposed:false
211 http fetch GET 200 https://registry.npmjs.org/@types%2fcookie 284ms (cache miss)
212 silly packumentCache full:https://registry.npmjs.org/@types%2fcookie set size:undefined disposed:false
213 http fetch GET 200 https://registry.npmjs.org/lru-cache 285ms (cache miss)
214 silly packumentCache full:https://registry.npmjs.org/lru-cache set size:undefined disposed:false
215 silly placeDep ROOT @types/cookie@0.6.0 OK for: @auth/core@0.34.3 want: 0.6.0
216 silly placeDep node_modules/@auth/core cookie@0.6.0 OK for: @auth/core@0.34.3 want: 0.6.0
217 silly placeDep node_modules/@auth/core jose@5.10.0 OK for: @auth/core@0.34.3 want: ^5.1.3
218 silly placeDep ROOT oauth4webapi@2.17.0 OK for: @auth/core@0.34.3 want: ^2.10.4
219 silly placeDep node_modules/@auth/core preact@10.11.3 OK for: @auth/core@0.34.3 want: 10.11.3
220 silly placeDep node_modules/@auth/core preact-render-to-string@5.2.3 OK for: @auth/core@0.34.3 want: 5.2.3
221 silly placeDep node_modules/@auth/prisma-adapter @auth/core@0.41.1 OK for: @auth/prisma-adapter@2.11.1 want: 0.41.1
222 silly placeDep node_modules/openid-client lru-cache@6.0.0 OK for: openid-client@5.7.1 want: ^6.0.0
223 silly placeDep ROOT object-hash@2.2.0 OK for: openid-client@5.7.1 want: ^2.2.0
224 silly placeDep ROOT oidc-token-hash@5.2.0 OK for: openid-client@5.7.1 want: ^5.0.3
225 silly fetch manifest yallist@^4.0.0
226 silly packumentCache full:https://registry.npmjs.org/yallist cache-miss
227 http fetch GET 200 https://registry.npmjs.org/yallist 42ms (cache miss)
228 silly packumentCache full:https://registry.npmjs.org/yallist set size:undefined disposed:false
229 silly placeDep ROOT pretty-format@3.8.0 OK for: preact-render-to-string@5.2.6 want: ^3.8.0
230 silly placeDep node_modules/@auth/prisma-adapter jose@6.2.1 OK for: @auth/core@0.41.1 want: ^6.0.6
231 silly placeDep node_modules/@auth/prisma-adapter oauth4webapi@3.8.5 OK for: @auth/core@0.41.1 want: ^3.3.0
232 silly placeDep node_modules/@auth/prisma-adapter preact-render-to-string@6.5.11 OK for: @auth/core@0.41.1 want: 6.5.11
233 silly placeDep node_modules/openid-client yallist@4.0.0 OK for: lru-cache@6.0.0 want: ^4.0.0
234 silly reify moves {}
235 silly audit bulk request {
235 silly audit   '@alloc/quick-lru': [ '5.2.0' ],
235 silly audit   '@babel/code-frame': [ '7.29.0' ],
235 silly audit   '@babel/compat-data': [ '7.29.0' ],
235 silly audit   '@babel/core': [ '7.29.0' ],
235 silly audit   '@babel/generator': [ '7.29.1' ],
235 silly audit   '@babel/helper-compilation-targets': [ '7.28.6' ],
235 silly audit   '@babel/helper-globals': [ '7.28.0' ],
235 silly audit   '@babel/helper-module-imports': [ '7.28.6' ],
235 silly audit   '@babel/helper-module-transforms': [ '7.28.6' ],
235 silly audit   '@babel/helper-string-parser': [ '7.27.1' ],
235 silly audit   '@babel/helper-validator-identifier': [ '7.28.5' ],
235 silly audit   '@babel/helper-validator-option': [ '7.27.1' ],
235 silly audit   '@babel/helpers': [ '7.28.6' ],
235 silly audit   '@babel/parser': [ '7.29.0' ],
235 silly audit   '@babel/template': [ '7.28.6' ],
235 silly audit   '@babel/traverse': [ '7.29.0' ],
235 silly audit   '@babel/types': [ '7.29.0' ],
235 silly audit   '@chevrotain/cst-dts-gen': [ '10.5.0' ],
235 silly audit   '@chevrotain/gast': [ '10.5.0' ],
235 silly audit   '@chevrotain/types': [ '10.5.0' ],
235 silly audit   '@chevrotain/utils': [ '10.5.0' ],
235 silly audit   '@electric-sql/pglite': [ '0.3.15' ],
235 silly audit   '@electric-sql/pglite-socket': [ '0.0.20' ],
235 silly audit   '@electric-sql/pglite-tools': [ '0.2.20' ],
235 silly audit   '@emnapi/core': [ '1.9.0' ],
235 silly audit   '@emnapi/runtime': [ '1.9.0' ],
235 silly audit   '@emnapi/wasi-threads': [ '1.2.0' ],
235 silly audit   '@eslint-community/eslint-utils': [ '4.9.1' ],
235 silly audit   'eslint-visitor-keys': [ '3.4.3', '5.0.1', '4.2.1' ],
235 silly audit   '@eslint-community/regexpp': [ '4.12.2' ],
235 silly audit   '@eslint/config-array': [ '0.21.2' ],
235 silly audit   '@eslint/config-helpers': [ '0.4.2' ],
235 silly audit   '@eslint/core': [ '0.17.0' ],
235 silly audit   '@eslint/eslintrc': [ '3.3.5' ],
235 silly audit   '@eslint/js': [ '9.39.4' ],
235 silly audit   '@eslint/object-schema': [ '2.1.7' ],
235 silly audit   '@eslint/plugin-kit': [ '0.4.1' ],
235 silly audit   '@hono/node-server': [ '1.19.9' ],
235 silly audit   '@humanfs/core': [ '0.19.1' ],
235 silly audit   '@humanfs/node': [ '0.16.7' ],
235 silly audit   '@humanwhocodes/module-importer': [ '1.0.1' ],
235 silly audit   '@humanwhocodes/retry': [ '0.4.3' ],
235 silly audit   '@img/colour': [ '1.1.0' ],
235 silly audit   '@img/sharp-darwin-arm64': [ '0.34.5' ],
235 silly audit   '@img/sharp-darwin-x64': [ '0.34.5' ],
235 silly audit   '@img/sharp-libvips-darwin-arm64': [ '1.2.4' ],
235 silly audit   '@img/sharp-libvips-darwin-x64': [ '1.2.4' ],
235 silly audit   '@img/sharp-libvips-linux-arm': [ '1.2.4' ],
235 silly audit   '@img/sharp-libvips-linux-arm64': [ '1.2.4' ],
235 silly audit   '@img/sharp-libvips-linux-ppc64': [ '1.2.4' ],
235 silly audit   '@img/sharp-libvips-linux-riscv64': [ '1.2.4' ],
235 silly audit   '@img/sharp-libvips-linux-s390x': [ '1.2.4' ],
235 silly audit   '@img/sharp-libvips-linux-x64': [ '1.2.4' ],
235 silly audit   '@img/sharp-libvips-linuxmusl-arm64': [ '1.2.4' ],
235 silly audit   '@img/sharp-libvips-linuxmusl-x64': [ '1.2.4' ],
235 silly audit   '@img/sharp-linux-arm': [ '0.34.5' ],
235 silly audit   '@img/sharp-linux-arm64': [ '0.34.5' ],
235 silly audit   '@img/sharp-linux-ppc64': [ '0.34.5' ],
235 silly audit   '@img/sharp-linux-riscv64': [ '0.34.5' ],
235 silly audit   '@img/sharp-linux-s390x': [ '0.34.5' ],
235 silly audit   '@img/sharp-linux-x64': [ '0.34.5' ],
235 silly audit   '@img/sharp-linuxmusl-arm64': [ '0.34.5' ],
235 silly audit   '@img/sharp-linuxmusl-x64': [ '0.34.5' ],
235 silly audit   '@img/sharp-wasm32': [ '0.34.5' ],
235 silly audit   '@img/sharp-win32-arm64': [ '0.34.5' ],
235 silly audit   '@img/sharp-win32-ia32': [ '0.34.5' ],
235 silly audit   '@img/sharp-win32-x64': [ '0.34.5' ],
235 silly audit   '@jridgewell/gen-mapping': [ '0.3.13' ],
235 silly audit   '@jridgewell/remapping': [ '2.3.5' ],
235 silly audit   '@jridgewell/resolve-uri': [ '3.1.2' ],
235 silly audit   '@jridgewell/sourcemap-codec': [ '1.5.5' ],
235 silly audit   '@jridgewell/trace-mapping': [ '0.3.31' ],
235 silly audit   '@mrleebo/prisma-ast': [ '0.13.1' ],
235 silly audit   '@napi-rs/wasm-runtime': [ '0.2.12' ],
235 silly audit   '@next/env': [ '16.1.6' ],
235 silly audit   '@next/eslint-plugin-next': [ '16.1.6' ],
235 silly audit   '@next/swc-darwin-arm64': [ '16.1.6' ],
235 silly audit   '@next/swc-darwin-x64': [ '16.1.6' ],
235 silly audit   '@next/swc-linux-arm64-gnu': [ '16.1.6' ],
235 silly audit   '@next/swc-linux-arm64-musl': [ '16.1.6' ],
235 silly audit   '@next/swc-linux-x64-gnu': [ '16.1.6' ],
235 silly audit   '@next/swc-linux-x64-musl': [ '16.1.6' ],
235 silly audit   '@next/swc-win32-arm64-msvc': [ '16.1.6' ],
235 silly audit   '@next/swc-win32-x64-msvc': [ '16.1.6' ],
235 silly audit   '@nodelib/fs.scandir': [ '2.1.5' ],
235 silly audit   '@nodelib/fs.stat': [ '2.0.5' ],
235 silly audit   '@nodelib/fs.walk': [ '1.2.8' ],
235 silly audit   '@nolyfill/is-core-module': [ '1.0.39' ],
235 silly audit   '@prisma/adapter-pg': [ '7.5.0' ],
235 silly audit   '@prisma/client': [ '7.5.0' ],
235 silly audit   '@prisma/client-runtime-utils': [ '7.5.0' ],
235 silly audit   '@prisma/config': [ '7.5.0' ],
235 silly audit   '@prisma/debug': [ '7.5.0', '7.2.0' ],
235 silly audit   '@prisma/dev': [ '0.20.0' ],
235 silly audit   '@prisma/driver-adapter-utils': [ '7.5.0' ],
235 silly audit   '@prisma/engines': [ '7.5.0' ],
235 silly audit   '@prisma/engines-version': [ '7.5.0-15.280c870be64f457428992c43c1f6d557fab6e29e' ],
235 silly audit   '@prisma/get-platform': [ '7.5.0', '7.2.0' ],
235 silly audit   '@prisma/fetch-engine': [ '7.5.0' ],
235 silly audit   '@prisma/query-plan-executor': [ '7.2.0' ],
235 silly audit   '@prisma/studio-core': [ '0.21.1' ],
235 silly audit   '@rtsao/scc': [ '1.1.0' ],
235 silly audit   '@standard-schema/spec': [ '1.1.0' ],
235 silly audit   '@swc/helpers': [ '0.5.15' ],
235 silly audit   '@tailwindcss/node': [ '4.2.1' ],
235 silly audit   '@tailwindcss/oxide': [ '4.2.1' ],
235 silly audit   '@tailwindcss/oxide-android-arm64': [ '4.2.1' ],
235 silly audit   '@tailwindcss/oxide-darwin-arm64': [ '4.2.1' ],
235 silly audit   '@tailwindcss/oxide-darwin-x64': [ '4.2.1' ],
235 silly audit   '@tailwindcss/oxide-freebsd-x64': [ '4.2.1' ],
235 silly audit   '@tailwindcss/oxide-linux-arm-gnueabihf': [ '4.2.1' ],
235 silly audit   '@tailwindcss/oxide-linux-arm64-gnu': [ '4.2.1' ],
235 silly audit   '@tailwindcss/oxide-linux-arm64-musl': [ '4.2.1' ],
235 silly audit   '@tailwindcss/oxide-linux-x64-gnu': [ '4.2.1' ],
235 silly audit   '@tailwindcss/oxide-linux-x64-musl': [ '4.2.1' ],
235 silly audit   '@tailwindcss/oxide-wasm32-wasi': [ '4.2.1' ],
235 silly audit   '@tailwindcss/oxide-win32-arm64-msvc': [ '4.2.1' ],
235 silly audit   '@tailwindcss/oxide-win32-x64-msvc': [ '4.2.1' ],
235 silly audit   '@tailwindcss/postcss': [ '4.2.1' ],
235 silly audit   '@tybys/wasm-util': [ '0.10.1' ],
235 silly audit   '@types/estree': [ '1.0.8' ],
235 silly audit   '@types/json-schema': [ '7.0.15' ],
235 silly audit   '@types/json5': [ '0.0.29' ],
235 silly audit   '@types/node': [ '20.19.37' ],
235 silly audit   '@types/pg': [ '8.11.11' ],
235 silly audit   '@types/react': [ '19.2.14' ],
235 silly audit   '@types/react-dom': [ '19.2.3' ],
235 silly audit   '@typescript-eslint/eslint-plugin': [ '8.57.0' ],
235 silly audit   ignore: [ '7.0.5', '5.3.2' ],
235 silly audit   '@typescript-eslint/parser': [ '8.57.0' ],
235 silly audit   '@typescript-eslint/project-service': [ '8.57.0' ],
235 silly audit   '@typescript-eslint/scope-manager': [ '8.57.0' ],
235 silly audit   '@typescript-eslint/tsconfig-utils': [ '8.57.0' ],
235 silly audit   '@typescript-eslint/type-utils': [ '8.57.0' ],
235 silly audit   '@typescript-eslint/types': [ '8.57.0' ],
235 silly audit   '@typescript-eslint/typescript-estree': [ '8.57.0' ],
235 silly audit   'balanced-match': [ '4.0.4', '1.0.2' ],
235 silly audit   'brace-expansion': [ '5.0.4', '1.1.12' ],
235 silly audit   minimatch: [ '10.2.4', '3.1.5' ],
235 silly audit   semver: [ '7.7.4', '6.3.1' ],
235 silly audit   '@typescript-eslint/utils': [ '8.57.0' ],
235 silly audit   '@typescript-eslint/visitor-keys': [ '8.57.0' ],
235 silly audit   '@unrs/resolver-binding-android-arm-eabi': [ '1.11.1' ],
235 silly audit   '@unrs/resolver-binding-android-arm64': [ '1.11.1' ],
235 silly audit   '@unrs/resolver-binding-darwin-arm64': [ '1.11.1' ],
235 silly audit   '@unrs/resolver-binding-darwin-x64': [ '1.11.1' ],
235 silly audit   '@unrs/resolver-binding-freebsd-x64': [ '1.11.1' ],
235 silly audit   '@unrs/resolver-binding-linux-arm-gnueabihf': [ '1.11.1' ],
235 silly audit   '@unrs/resolver-binding-linux-arm-musleabihf': [ '1.11.1' ],
235 silly audit   '@unrs/resolver-binding-linux-arm64-gnu': [ '1.11.1' ],
235 silly audit   '@unrs/resolver-binding-linux-arm64-musl': [ '1.11.1' ],
235 silly audit   '@unrs/resolver-binding-linux-ppc64-gnu': [ '1.11.1' ],
235 silly audit   '@unrs/resolver-binding-linux-riscv64-gnu': [ '1.11.1' ],
235 silly audit   '@unrs/resolver-binding-linux-riscv64-musl': [ '1.11.1' ],
235 silly audit   '@unrs/resolver-binding-linux-s390x-gnu': [ '1.11.1' ],
235 silly audit   '@unrs/resolver-binding-linux-x64-gnu': [ '1.11.1' ],
235 silly audit   '@unrs/resolver-binding-linux-x64-musl': [ '1.11.1' ],
235 silly audit   '@unrs/resolver-binding-wasm32-wasi': [ '1.11.1' ],
235 silly audit   '@unrs/resolver-binding-win32-arm64-msvc': [ '1.11.1' ],
235 silly audit   '@unrs/resolver-binding-win32-ia32-msvc': [ '1.11.1' ],
235 silly audit   '@unrs/resolver-binding-win32-x64-msvc': [ '1.11.1' ],
235 silly audit   acorn: [ '8.16.0' ],
235 silly audit   'acorn-jsx': [ '5.3.2' ],
235 silly audit   ajv: [ '6.14.0' ],
235 silly audit   'ansi-styles': [ '4.3.0' ],
235 silly audit   argparse: [ '2.0.1' ],
235 silly audit   'aria-query': [ '5.3.2' ],
235 silly audit   'array-buffer-byte-length': [ '1.0.2' ],
235 silly audit   'array-includes': [ '3.1.9' ],
235 silly audit   'array.prototype.findlast': [ '1.2.5' ],
235 silly audit   'array.prototype.findlastindex': [ '1.2.6' ],
235 silly audit   'array.prototype.flat': [ '1.3.3' ],
235 silly audit   'array.prototype.flatmap': [ '1.3.3' ],
235 silly audit   'array.prototype.tosorted': [ '1.1.4' ],
235 silly audit   'arraybuffer.prototype.slice': [ '1.0.4' ],
235 silly audit   'ast-types-flow': [ '0.0.8' ],
235 silly audit   'async-function': [ '1.0.0' ],
235 silly audit   'available-typed-arrays': [ '1.0.7' ],
235 silly audit   'aws-ssl-profiles': [ '1.1.2' ],
235 silly audit   'axe-core': [ '4.11.1' ],
235 silly audit   'axobject-query': [ '4.1.0' ],
235 silly audit   'babel-plugin-react-compiler': [ '1.0.0' ],
235 silly audit   'baseline-browser-mapping': [ '2.10.8' ],
235 silly audit   braces: [ '3.0.3' ],
235 silly audit   browserslist: [ '4.28.1' ],
235 silly audit   c12: [ '3.1.0' ],
235 silly audit   dotenv: [ '16.6.1', '17.3.1' ],
235 silly audit   'call-bind': [ '1.0.8' ],
235 silly audit   'call-bind-apply-helpers': [ '1.0.2' ],
235 silly audit   'call-bound': [ '1.0.4' ],
235 silly audit   callsites: [ '3.1.0' ],
235 silly audit   'caniuse-lite': [ '1.0.30001779' ],
235 silly audit   chalk: [ '4.1.2' ],
235 silly audit   chevrotain: [ '10.5.0' ],
235 silly audit   chokidar: [ '4.0.3' ],
235 silly audit   citty: [ '0.1.6', '0.2.1' ],
235 silly audit   'client-only': [ '0.0.1' ],
235 silly audit   'color-convert': [ '2.0.1' ],
235 silly audit   'color-name': [ '1.1.4' ],
235 silly audit   'concat-map': [ '0.0.1' ],
235 silly audit   confbox: [ '0.2.4' ],
235 silly audit   consola: [ '3.4.2' ],
235 silly audit   'convert-source-map': [ '2.0.0' ],
235 silly audit   'cross-spawn': [ '7.0.6' ],
235 silly audit   csstype: [ '3.2.3' ],
235 silly audit   'damerau-levenshtein': [ '1.0.8' ],
235 silly audit   'data-view-buffer': [ '1.0.2' ],
235 silly audit   'data-view-byte-length': [ '1.0.2' ],
235 silly audit   'data-view-byte-offset': [ '1.0.1' ],
235 silly audit   debug: [ '4.4.3', '3.2.7' ],
235 silly audit   'deep-is': [ '0.1.4' ],
235 silly audit   'deepmerge-ts': [ '7.1.5' ],
235 silly audit   'define-data-property': [ '1.1.4' ],
235 silly audit   'define-properties': [ '1.2.1' ],
235 silly audit   defu: [ '6.1.4' ],
235 silly audit   denque: [ '2.1.0' ],
235 silly audit   destr: [ '2.0.5' ],
235 silly audit   'detect-libc': [ '2.1.2' ],
235 silly audit   doctrine: [ '2.1.0' ],
235 silly audit   'dunder-proto': [ '1.0.1' ],
235 silly audit   effect: [ '3.18.4' ],
235 silly audit   'electron-to-chromium': [ '1.5.313' ],
235 silly audit   'emoji-regex': [ '9.2.2' ],
235 silly audit   empathic: [ '2.0.0' ],
235 silly audit   'enhanced-resolve': [ '5.20.0' ],
235 silly audit   'es-abstract': [ '1.24.1' ],
235 silly audit   'es-define-property': [ '1.0.1' ],
235 silly audit   'es-errors': [ '1.3.0' ],
235 silly audit   'es-iterator-helpers': [ '1.3.1' ],
235 silly audit   'es-object-atoms': [ '1.1.1' ],
235 silly audit   'es-set-tostringtag': [ '2.1.0' ],
235 silly audit   'es-shim-unscopables': [ '1.1.0' ],
235 silly audit   'es-to-primitive': [ '1.3.0' ],
235 silly audit   escalade: [ '3.2.0' ],
235 silly audit   'escape-string-regexp': [ '4.0.0' ],
235 silly audit   eslint: [ '9.39.4' ],
235 silly audit   'eslint-config-next': [ '16.1.6' ],
235 silly audit   globals: [ '16.4.0', '14.0.0' ],
235 silly audit   'eslint-import-resolver-node': [ '0.3.9' ],
235 silly audit   'eslint-import-resolver-typescript': [ '3.10.1' ],
235 silly audit   'eslint-module-utils': [ '2.12.1' ],
235 silly audit   'eslint-plugin-import': [ '2.32.0' ],
235 silly audit   'eslint-plugin-jsx-a11y': [ '6.10.2' ],
235 silly audit   'eslint-plugin-react': [ '7.37.5' ],
235 silly audit   'eslint-plugin-react-hooks': [ '7.0.1' ],
235 silly audit   resolve: [ '2.0.0-next.6', '1.22.11' ],
235 silly audit   'eslint-scope': [ '8.4.0' ],
235 silly audit   espree: [ '10.4.0' ],
235 silly audit   esquery: [ '1.7.0' ],
235 silly audit   esrecurse: [ '4.3.0' ],
235 silly audit   estraverse: [ '5.3.0' ],
235 silly audit   esutils: [ '2.0.3' ],
235 silly audit   exsolve: [ '1.0.8' ],
235 silly audit   'fast-check': [ '3.23.2' ],
235 silly audit   'fast-deep-equal': [ '3.1.3' ],
235 silly audit   'fast-glob': [ '3.3.1' ],
235 silly audit   'glob-parent': [ '5.1.2', '6.0.2' ],
235 silly audit   'fast-json-stable-stringify': [ '2.1.0' ],
235 silly audit   'fast-levenshtein': [ '2.0.6' ],
235 silly audit   fastq: [ '1.20.1' ],
235 silly audit   'file-entry-cache': [ '8.0.0' ],
235 silly audit   'fill-range': [ '7.1.1' ],
235 silly audit   'find-up': [ '5.0.0' ],
235 silly audit   'flat-cache': [ '4.0.1' ],
235 silly audit   flatted: [ '3.4.1' ],
235 silly audit   'for-each': [ '0.3.5' ],
235 silly audit   'foreground-child': [ '3.3.1' ],
235 silly audit   'function-bind': [ '1.1.2' ],
235 silly audit   'function.prototype.name': [ '1.1.8' ],
235 silly audit   'functions-have-names': [ '1.2.3' ],
235 silly audit   'generate-function': [ '2.3.1' ],
235 silly audit   'generator-function': [ '2.0.1' ],
235 silly audit   gensync: [ '1.0.0-beta.2' ],
235 silly audit   'get-intrinsic': [ '1.3.0' ],
235 silly audit   'get-port-please': [ '3.2.0' ],
235 silly audit   'get-proto': [ '1.0.1' ],
235 silly audit   'get-symbol-description': [ '1.1.0' ],
235 silly audit   'get-tsconfig': [ '4.13.6' ],
235 silly audit   giget: [ '2.0.0' ],
235 silly audit   globalthis: [ '1.0.4' ],
235 silly audit   gopd: [ '1.2.0' ],
235 silly audit   'graceful-fs': [ '4.2.11' ],
235 silly audit   grammex: [ '3.1.12' ],
235 silly audit   graphmatch: [ '1.1.1' ],
235 silly audit   'has-bigints': [ '1.1.0' ],
235 silly audit   'has-flag': [ '4.0.0' ],
235 silly audit   'has-property-descriptors': [ '1.0.2' ],
235 silly audit   'has-proto': [ '1.2.0' ],
235 silly audit   'has-symbols': [ '1.1.0' ],
235 silly audit   'has-tostringtag': [ '1.0.2' ],
235 silly audit   hasown: [ '2.0.2' ],
235 silly audit   'hermes-estree': [ '0.25.1' ],
235 silly audit   'hermes-parser': [ '0.25.1' ],
235 silly audit   hono: [ '4.11.4' ],
235 silly audit   'http-status-codes': [ '2.3.0' ],
235 silly audit   'iconv-lite': [ '0.7.2' ],
235 silly audit   'import-fresh': [ '3.3.1' ],
235 silly audit   imurmurhash: [ '0.1.4' ],
235 silly audit   'internal-slot': [ '1.1.0' ],
235 silly audit   'is-array-buffer': [ '3.0.5' ],
235 silly audit   'is-async-function': [ '2.1.1' ],
235 silly audit   'is-bigint': [ '1.1.0' ],
235 silly audit   'is-boolean-object': [ '1.2.2' ],
235 silly audit   'is-bun-module': [ '2.0.0' ],
235 silly audit   'is-callable': [ '1.2.7' ],
235 silly audit   'is-core-module': [ '2.16.1' ],
235 silly audit   'is-data-view': [ '1.0.2' ],
235 silly audit   'is-date-object': [ '1.1.0' ],
235 silly audit   'is-extglob': [ '2.1.1' ],
235 silly audit   'is-finalizationregistry': [ '1.1.1' ],
235 silly audit   'is-generator-function': [ '1.1.2' ],
235 silly audit   'is-glob': [ '4.0.3' ],
235 silly audit   'is-map': [ '2.0.3' ],
235 silly audit   'is-negative-zero': [ '2.0.3' ],
235 silly audit   'is-number': [ '7.0.0' ],
235 silly audit   'is-number-object': [ '1.1.1' ],
235 silly audit   'is-property': [ '1.0.2' ],
235 silly audit   'is-regex': [ '1.2.1' ],
235 silly audit   'is-set': [ '2.0.3' ],
235 silly audit   'is-shared-array-buffer': [ '1.0.4' ],
235 silly audit   'is-string': [ '1.1.1' ],
235 silly audit   'is-symbol': [ '1.1.1' ],
235 silly audit   'is-typed-array': [ '1.1.15' ],
235 silly audit   'is-weakmap': [ '2.0.2' ],
235 silly audit   'is-weakref': [ '1.1.1' ],
235 silly audit   'is-weakset': [ '2.0.4' ],
235 silly audit   isarray: [ '2.0.5' ],
235 silly audit   isexe: [ '2.0.0' ],
235 silly audit   'iterator.prototype': [ '1.1.5' ],
235 silly audit   jiti: [ '2.6.1' ],
235 silly audit   'js-tokens': [ '4.0.0' ],
235 silly audit   'js-yaml': [ '4.1.1' ],
235 silly audit   jsesc: [ '3.1.0' ],
235 silly audit   'json-buffer': [ '3.0.1' ],
235 silly audit   'json-schema-traverse': [ '0.4.1' ],
235 silly audit   'json-stable-stringify-without-jsonify': [ '1.0.1' ],
235 silly audit   json5: [ '2.2.3', '1.0.2' ],
235 silly audit   'jsx-ast-utils': [ '3.3.5' ],
235 silly audit   keyv: [ '4.5.4' ],
235 silly audit   'language-subtag-registry': [ '0.3.23' ],
235 silly audit   'language-tags': [ '1.0.9' ],
235 silly audit   levn: [ '0.4.1' ],
235 silly audit   lightningcss: [ '1.31.1' ],
235 silly audit   'lightningcss-android-arm64': [ '1.31.1' ],
235 silly audit   'lightningcss-darwin-arm64': [ '1.31.1' ],
235 silly audit   'lightningcss-darwin-x64': [ '1.31.1' ],
235 silly audit   'lightningcss-freebsd-x64': [ '1.31.1' ],
235 silly audit   'lightningcss-linux-arm-gnueabihf': [ '1.31.1' ],
235 silly audit   'lightningcss-linux-arm64-gnu': [ '1.31.1' ],
235 silly audit   'lightningcss-linux-arm64-musl': [ '1.31.1' ],
235 silly audit   'lightningcss-linux-x64-gnu': [ '1.31.1' ],
235 silly audit   'lightningcss-linux-x64-musl': [ '1.31.1' ],
235 silly audit   'lightningcss-win32-arm64-msvc': [ '1.31.1' ],
235 silly audit   'lightningcss-win32-x64-msvc': [ '1.31.1' ],
235 silly audit   lilconfig: [ '2.1.0' ],
235 silly audit   'locate-path': [ '6.0.0' ],
235 silly audit   lodash: [ '4.17.21' ],
235 silly audit   'lodash.merge': [ '4.6.2' ],
235 silly audit   long: [ '5.3.2' ],
235 silly audit   'loose-envify': [ '1.4.0' ],
235 silly audit   'lru-cache': [ '5.1.1', '6.0.0' ],
235 silly audit   'lru.min': [ '1.1.4' ],
235 silly audit   'magic-string': [ '0.30.21' ],
235 silly audit   'math-intrinsics': [ '1.1.0' ],
235 silly audit   merge2: [ '1.4.1' ],
235 silly audit   micromatch: [ '4.0.8' ],
235 silly audit   minimist: [ '1.2.8' ],
235 silly audit   ms: [ '2.1.3' ],
235 silly audit   mysql2: [ '3.15.3' ],
235 silly audit   'named-placeholders': [ '1.1.6' ],
235 silly audit   nanoid: [ '3.3.11' ],
235 silly audit   'napi-postinstall': [ '0.3.4' ],
235 silly audit   'natural-compare': [ '1.4.0' ],
235 silly audit   next: [ '16.1.6' ],
235 silly audit   postcss: [ '8.4.31', '8.5.8' ],
235 silly audit   'node-exports-info': [ '1.6.0' ],
235 silly audit   'node-fetch-native': [ '1.6.7' ],
235 silly audit   'node-releases': [ '2.0.36' ],
235 silly audit   nypm: [ '0.6.5' ],
235 silly audit   'object-assign': [ '4.1.1' ],
235 silly audit   'object-inspect': [ '1.13.4' ],
235 silly audit   'object-keys': [ '1.1.1' ],
235 silly audit   'object.assign': [ '4.1.7' ],
235 silly audit   'object.entries': [ '1.1.9' ],
235 silly audit   'object.fromentries': [ '2.0.8' ],
235 silly audit   'object.groupby': [ '1.0.3' ],
235 silly audit   'object.values': [ '1.2.1' ],
235 silly audit   obuf: [ '1.1.2' ],
235 silly audit   ohash: [ '2.0.11' ],
235 silly audit   optionator: [ '0.9.4' ],
235 silly audit   'own-keys': [ '1.0.1' ],
235 silly audit   'p-limit': [ '3.1.0' ],
235 silly audit   'p-locate': [ '5.0.0' ],
235 silly audit   'parent-module': [ '1.0.1' ],
235 silly audit   'path-exists': [ '4.0.0' ],
235 silly audit   'path-key': [ '3.1.1' ],
235 silly audit   'path-parse': [ '1.0.7' ],
235 silly audit   pathe: [ '2.0.3' ],
235 silly audit   'perfect-debounce': [ '1.0.0' ],
235 silly audit   pg: [ '8.20.0' ],
235 silly audit   'pg-cloudflare': [ '1.3.0' ],
235 silly audit   'pg-connection-string': [ '2.12.0' ],
235 silly audit   'pg-int8': [ '1.0.1' ],
235 silly audit   'pg-numeric': [ '1.0.2' ],
235 silly audit   'pg-pool': [ '3.13.0' ],
235 silly audit   'pg-protocol': [ '1.13.0' ],
235 silly audit   'pg-types': [ '4.1.0', '2.2.0' ],
235 silly audit   'postgres-array': [ '2.0.0', '3.0.4' ],
235 silly audit   'postgres-bytea': [ '1.0.1', '3.0.0' ],
235 silly audit   'postgres-date': [ '1.0.7', '2.1.0' ],
235 silly audit   'postgres-interval': [ '1.2.0', '3.0.0' ],
235 silly audit   pgpass: [ '1.0.5' ],
235 silly audit   picocolors: [ '1.1.1' ],
235 silly audit   picomatch: [ '2.3.1', '4.0.3' ],
235 silly audit   'pkg-types': [ '2.3.0' ],
235 silly audit   'possible-typed-array-names': [ '1.1.0' ],
235 silly audit   postgres: [ '3.4.7' ],
235 silly audit   'postgres-range': [ '1.1.4' ],
235 silly audit   'prelude-ls': [ '1.2.1' ],
235 silly audit   prisma: [ '7.5.0' ],
235 silly audit   'prop-types': [ '15.8.1' ],
235 silly audit   'proper-lockfile': [ '4.1.2' ],
235 silly audit   'signal-exit': [ '3.0.7', '4.1.0' ],
235 silly audit   punycode: [ '2.3.1' ],
235 silly audit   'pure-rand': [ '6.1.0' ],
235 silly audit   'queue-microtask': [ '1.2.3' ],
235 silly audit   rc9: [ '2.1.2' ],
235 silly audit   react: [ '19.2.3' ],
235 silly audit   'react-dom': [ '19.2.3' ],
235 silly audit   'react-is': [ '16.13.1' ],
235 silly audit   readdirp: [ '4.1.2' ],
235 silly audit   'reflect.getprototypeof': [ '1.0.10' ],
235 silly audit   'regexp-to-ast': [ '0.5.0' ],
235 silly audit   'regexp.prototype.flags': [ '1.5.4' ],
235 silly audit   remeda: [ '2.33.4' ],
235 silly audit   'resolve-from': [ '4.0.0' ],
235 silly audit   'resolve-pkg-maps': [ '1.0.0' ],
235 silly audit   retry: [ '0.12.0' ],
235 silly audit   reusify: [ '1.1.0' ],
235 silly audit   'run-parallel': [ '1.2.0' ],
235 silly audit   'safe-array-concat': [ '1.1.3' ],
235 silly audit   'safe-push-apply': [ '1.0.0' ],
235 silly audit   'safe-regex-test': [ '1.1.0' ],
235 silly audit   'safer-buffer': [ '2.1.2' ],
235 silly audit   scheduler: [ '0.27.0' ],
235 silly audit   'seq-queue': [ '0.0.5' ],
235 silly audit   'set-function-length': [ '1.2.2' ],
235 silly audit   'set-function-name': [ '2.0.2' ],
235 silly audit   'set-proto': [ '1.0.0' ],
235 silly audit   sharp: [ '0.34.5' ],
235 silly audit   'shebang-command': [ '2.0.0' ],
235 silly audit   'shebang-regex': [ '3.0.0' ],
235 silly audit   'side-channel': [ '1.1.0' ],
235 silly audit   'side-channel-list': [ '1.0.0' ],
235 silly audit   'side-channel-map': [ '1.0.1' ],
235 silly audit   'side-channel-weakmap': [ '1.0.2' ],
235 silly audit   'source-map-js': [ '1.2.1' ],
235 silly audit   split2: [ '4.2.0' ],
235 silly audit   sqlstring: [ '2.3.3' ],
235 silly audit   'stable-hash': [ '0.0.5' ],
235 silly audit   'std-env': [ '3.10.0' ],
235 silly audit   'stop-iteration-iterator': [ '1.1.0' ],
235 silly audit   'string.prototype.includes': [ '2.0.1' ],
235 silly audit   'string.prototype.matchall': [ '4.0.12' ],
235 silly audit   'string.prototype.repeat': [ '1.0.0' ],
235 silly audit   'string.prototype.trim': [ '1.2.10' ],
235 silly audit   'string.prototype.trimend': [ '1.0.9' ],
235 silly audit   'string.prototype.trimstart': [ '1.0.8' ],
235 silly audit   'strip-bom': [ '3.0.0' ],
235 silly audit   'strip-json-comments': [ '3.1.1' ],
235 silly audit   'styled-jsx': [ '5.1.6' ],
235 silly audit   'supports-color': [ '7.2.0' ],
235 silly audit   'supports-preserve-symlinks-flag': [ '1.0.0' ],
235 silly audit   tailwindcss: [ '4.2.1' ],
235 silly audit   tapable: [ '2.3.0' ],
235 silly audit   tinyexec: [ '1.0.4' ],
235 silly audit   tinyglobby: [ '0.2.15' ],
235 silly audit   fdir: [ '6.5.0' ],
235 silly audit   'to-regex-range': [ '5.0.1' ],
235 silly audit   'ts-api-utils': [ '2.4.0' ],
235 silly audit   'tsconfig-paths': [ '3.15.0' ],
235 silly audit   tslib: [ '2.8.1' ],
235 silly audit   'type-check': [ '0.4.0' ],
235 silly audit   'typed-array-buffer': [ '1.0.3' ],
235 silly audit   'typed-array-byte-length': [ '1.0.3' ],
235 silly audit   'typed-array-byte-offset': [ '1.0.4' ],
235 silly audit   'typed-array-length': [ '1.0.7' ],
235 silly audit   typescript: [ '5.9.3' ],
235 silly audit   'typescript-eslint': [ '8.57.0' ],
235 silly audit   'unbox-primitive': [ '1.1.0' ],
235 silly audit   'undici-types': [ '6.21.0' ],
235 silly audit   'unrs-resolver': [ '1.11.1' ],
235 silly audit   'update-browserslist-db': [ '1.2.3' ],
235 silly audit   'uri-js': [ '4.4.1' ],
235 silly audit   valibot: [ '1.2.0' ],
235 silly audit   which: [ '2.0.2' ],
235 silly audit   'which-boxed-primitive': [ '1.1.1' ],
235 silly audit   'which-builtin-type': [ '1.2.1' ],
235 silly audit   'which-collection': [ '1.0.2' ],
235 silly audit   'which-typed-array': [ '1.1.20' ],
235 silly audit   'word-wrap': [ '1.2.5' ],
235 silly audit   xtend: [ '4.0.2' ],
235 silly audit   yallist: [ '3.1.1', '4.0.0' ],
235 silly audit   'yocto-queue': [ '0.1.0' ],
235 silly audit   zeptomatch: [ '2.1.0' ],
235 silly audit   zod: [ '4.3.6' ],
235 silly audit   'zod-validation-error': [ '4.0.2' ],
235 silly audit   '@auth/prisma-adapter': [ '2.11.1' ],
235 silly audit   bcrypt: [ '6.0.0' ],
235 silly audit   'next-auth': [ '4.24.13' ],
235 silly audit   '@panva/hkdf': [ '1.2.1' ],
235 silly audit   preact: [ '10.24.3' ],
235 silly audit   'node-addon-api': [ '8.6.0' ],
235 silly audit   'node-gyp-build': [ '4.8.4' ],
235 silly audit   '@auth/core': [ '0.41.1' ],
235 silly audit   '@babel/runtime': [ '7.28.6' ],
235 silly audit   cookie: [ '0.7.2' ],
235 silly audit   jose: [ '4.15.9', '6.2.1' ],
235 silly audit   oauth: [ '0.9.15' ],
235 silly audit   'openid-client': [ '5.7.1' ],
235 silly audit   'preact-render-to-string': [ '5.2.6', '6.5.11' ],
235 silly audit   uuid: [ '8.3.2' ],
235 silly audit   oauth4webapi: [ '3.8.5' ],
235 silly audit   'object-hash': [ '2.2.0' ],
235 silly audit   'oidc-token-hash': [ '5.2.0' ],
235 silly audit   'pretty-format': [ '3.8.0' ]
235 silly audit }
236 http cache pretty-format@https://registry.npmjs.org/pretty-format/-/pretty-format-3.8.0.tgz 0ms (cache hit)
237 http cache oidc-token-hash@https://registry.npmjs.org/oidc-token-hash/-/oidc-token-hash-5.2.0.tgz 0ms (cache hit)
238 http cache object-hash@https://registry.npmjs.org/object-hash/-/object-hash-2.2.0.tgz 0ms (cache hit)
239 http cache uuid@https://registry.npmjs.org/uuid/-/uuid-8.3.2.tgz 0ms (cache hit)
240 http cache oauth@https://registry.npmjs.org/oauth/-/oauth-0.9.15.tgz 0ms (cache hit)
241 http cache @babel/runtime@https://registry.npmjs.org/@babel/runtime/-/runtime-7.28.6.tgz 0ms (cache hit)
242 http cache cookie@https://registry.npmjs.org/cookie/-/cookie-0.7.2.tgz 0ms (cache hit)
243 http cache preact-render-to-string@https://registry.npmjs.org/preact-render-to-string/-/preact-render-to-string-5.2.6.tgz 0ms (cache hit)
244 http cache node-gyp-build@https://registry.npmjs.org/node-gyp-build/-/node-gyp-build-4.8.4.tgz 1ms (cache hit)
245 http cache jose@https://registry.npmjs.org/jose/-/jose-4.15.9.tgz 0ms (cache hit)
246 http cache node-addon-api@https://registry.npmjs.org/node-addon-api/-/node-addon-api-8.6.0.tgz 0ms (cache hit)
247 http cache @panva/hkdf@https://registry.npmjs.org/@panva/hkdf/-/hkdf-1.2.1.tgz 0ms (cache hit)
248 http cache preact@https://registry.npmjs.org/preact/-/preact-10.24.3.tgz 0ms (cache hit)
249 http cache @auth/prisma-adapter@https://registry.npmjs.org/@auth/prisma-adapter/-/prisma-adapter-2.11.1.tgz 0ms (cache hit)
250 http cache bcrypt@https://registry.npmjs.org/bcrypt/-/bcrypt-6.0.0.tgz 0ms (cache hit)
251 http cache yallist@https://registry.npmjs.org/yallist/-/yallist-4.0.0.tgz 0ms (cache hit)
252 http cache next-auth@https://registry.npmjs.org/next-auth/-/next-auth-4.24.13.tgz 0ms (cache hit)
253 http cache @auth/core@https://registry.npmjs.org/@auth/core/-/core-0.41.1.tgz 0ms (cache hit)
254 http cache preact-render-to-string@https://registry.npmjs.org/preact-render-to-string/-/preact-render-to-string-6.5.11.tgz 0ms (cache hit)
255 http cache openid-client@https://registry.npmjs.org/openid-client/-/openid-client-5.7.1.tgz 0ms (cache hit)
256 http cache lru-cache@https://registry.npmjs.org/lru-cache/-/lru-cache-6.0.0.tgz 0ms (cache hit)
257 silly tarball no local data for pretty-format@https://registry.npmjs.org/pretty-format/-/pretty-format-3.8.0.tgz. Extracting by manifest.
258 silly tarball no local data for oidc-token-hash@https://registry.npmjs.org/oidc-token-hash/-/oidc-token-hash-5.2.0.tgz. Extracting by manifest.
259 silly tarball no local data for object-hash@https://registry.npmjs.org/object-hash/-/object-hash-2.2.0.tgz. Extracting by manifest.
260 silly tarball no local data for uuid@https://registry.npmjs.org/uuid/-/uuid-8.3.2.tgz. Extracting by manifest.
261 silly tarball no local data for oauth@https://registry.npmjs.org/oauth/-/oauth-0.9.15.tgz. Extracting by manifest.
262 silly tarball no local data for @babel/runtime@https://registry.npmjs.org/@babel/runtime/-/runtime-7.28.6.tgz. Extracting by manifest.
263 http cache oauth4webapi@https://registry.npmjs.org/oauth4webapi/-/oauth4webapi-3.8.5.tgz 0ms (cache hit)
264 http cache jose@https://registry.npmjs.org/jose/-/jose-6.2.1.tgz 0ms (cache hit)
265 silly tarball no local data for cookie@https://registry.npmjs.org/cookie/-/cookie-0.7.2.tgz. Extracting by manifest.
266 silly tarball no local data for preact-render-to-string@https://registry.npmjs.org/preact-render-to-string/-/preact-render-to-string-5.2.6.tgz. Extracting by manifest.
267 silly tarball no local data for node-gyp-build@https://registry.npmjs.org/node-gyp-build/-/node-gyp-build-4.8.4.tgz. Extracting by manifest.
268 silly tarball no local data for jose@https://registry.npmjs.org/jose/-/jose-4.15.9.tgz. Extracting by manifest.
269 silly tarball no local data for node-addon-api@https://registry.npmjs.org/node-addon-api/-/node-addon-api-8.6.0.tgz. Extracting by manifest.
270 silly tarball no local data for @panva/hkdf@https://registry.npmjs.org/@panva/hkdf/-/hkdf-1.2.1.tgz. Extracting by manifest.
271 silly tarball no local data for preact@https://registry.npmjs.org/preact/-/preact-10.24.3.tgz. Extracting by manifest.
272 silly tarball no local data for @auth/prisma-adapter@https://registry.npmjs.org/@auth/prisma-adapter/-/prisma-adapter-2.11.1.tgz. Extracting by manifest.
273 silly tarball no local data for bcrypt@https://registry.npmjs.org/bcrypt/-/bcrypt-6.0.0.tgz. Extracting by manifest.
274 silly tarball no local data for yallist@https://registry.npmjs.org/yallist/-/yallist-4.0.0.tgz. Extracting by manifest.
275 silly tarball no local data for next-auth@https://registry.npmjs.org/next-auth/-/next-auth-4.24.13.tgz. Extracting by manifest.
276 silly tarball no local data for @auth/core@https://registry.npmjs.org/@auth/core/-/core-0.41.1.tgz. Extracting by manifest.
277 silly tarball no local data for preact-render-to-string@https://registry.npmjs.org/preact-render-to-string/-/preact-render-to-string-6.5.11.tgz. Extracting by manifest.
278 silly tarball no local data for openid-client@https://registry.npmjs.org/openid-client/-/openid-client-5.7.1.tgz. Extracting by manifest.
279 silly tarball no local data for lru-cache@https://registry.npmjs.org/lru-cache/-/lru-cache-6.0.0.tgz. Extracting by manifest.
280 silly tarball no local data for oauth4webapi@https://registry.npmjs.org/oauth4webapi/-/oauth4webapi-3.8.5.tgz. Extracting by manifest.
281 silly tarball no local data for jose@https://registry.npmjs.org/jose/-/jose-6.2.1.tgz. Extracting by manifest.
282 http fetch GET 200 https://registry.npmjs.org/cookie/-/cookie-0.7.2.tgz 125ms (cache miss)
283 http fetch GET 200 https://registry.npmjs.org/oidc-token-hash/-/oidc-token-hash-5.2.0.tgz 187ms (cache miss)
284 http fetch POST 200 https://registry.npmjs.org/-/npm/v1/security/advisories/bulk 200ms
285 silly audit report {
285 silly audit report   '@hono/node-server': [
285 silly audit report     {
285 silly audit report       id: 1114170,
285 silly audit report       url: 'https://github.com/advisories/GHSA-wc8c-qw6v-h7f6',
285 silly audit report       title: '@hono/node-server has authorization bypass for protected static paths via encoded slashes in Serve Static Middleware',
285 silly audit report       severity: 'high',
285 silly audit report       vulnerable_versions: '<1.19.10',
285 silly audit report       cwe: [Array],
285 silly audit report       cvss: [Object]
285 silly audit report     }
285 silly audit report   ],
285 silly audit report   hono: [
285 silly audit report     {
285 silly audit report       id: 1112644,
285 silly audit report       url: 'https://github.com/advisories/GHSA-9r54-q6cx-xmh5',
285 silly audit report       title: 'Hono vulnerable to XSS through ErrorBoundary component ',
285 silly audit report       severity: 'moderate',
285 silly audit report       vulnerable_versions: '<4.11.7',
285 silly audit report       cwe: [Array],
285 silly audit report       cvss: [Object]
285 silly audit report     },
285 silly audit report     {
285 silly audit report       id: 1112677,
285 silly audit report       url: 'https://github.com/advisories/GHSA-6wqw-2p9w-4vw4',
285 silly audit report       title: 'Hono cache middleware ignores "Cache-Control: private" leading to Web Cache Deception',
285 silly audit report       severity: 'moderate',
285 silly audit report       vulnerable_versions: '<4.11.7',
285 silly audit report       cwe: [Array],
285 silly audit report       cvss: [Object]
285 silly audit report     },
285 silly audit report     {
285 silly audit report       id: 1112678,
285 silly audit report       url: 'https://github.com/advisories/GHSA-r354-f388-2fhh',
285 silly audit report       title: 'Hono IPv4 address validation bypass in IP Restriction Middleware allows IP spoofing',
285 silly audit report       severity: 'moderate',
285 silly audit report       vulnerable_versions: '<4.11.7',
285 silly audit report       cwe: [Array],
285 silly audit report       cvss: [Object]
285 silly audit report     },
285 silly audit report     {
285 silly audit report       id: 1112911,
285 silly audit report       url: 'https://github.com/advisories/GHSA-w332-q679-j88p',
285 silly audit report       title: 'Hono has an Arbitrary Key Read in Serve static Middleware (Cloudflare Workers Adapter)',
285 silly audit report       severity: 'moderate',
285 silly audit report       vulnerable_versions: '<4.11.7',
285 silly audit report       cwe: [Array],
285 silly audit report       cvss: [Object]
285 silly audit report     },
285 silly audit report     {
285 silly audit report       id: 1113311,
285 silly audit report       url: 'https://github.com/advisories/GHSA-gq3j-xvxp-8hrf',
285 silly audit report       title: 'Hono added timing comparison hardening in basicAuth and bearerAuth',
285 silly audit report       severity: 'low',
285 silly audit report       vulnerable_versions: '<4.11.10',
285 silly audit report       cwe: [Array],
285 silly audit report       cvss: [Object]
285 silly audit report     },
285 silly audit report     {
285 silly audit report       id: 1114004,
285 silly audit report       url: 'https://github.com/advisories/GHSA-5pq2-9x2x-5p6w',
285 silly audit report       title: 'Hono Vulnerable to Cookie Attribute Injection via Unsanitized domain and path in setCookie()',
285 silly audit report       severity: 'moderate',
285 silly audit report       vulnerable_versions: '<4.12.4',
285 silly audit report       cwe: [Array],
285 silly audit report       cvss: [Object]
285 silly audit report     },
285 silly audit report     {
285 silly audit report       id: 1114005,
285 silly audit report       url: 'https://github.com/advisories/GHSA-p6xx-57qc-3wxr',
285 silly audit report       title: 'Hono Vulnerable to SSE Control Field Injection via CR/LF in writeSSE()',
285 silly audit report       severity: 'moderate',
285 silly audit report       vulnerable_versions: '<4.12.4',
285 silly audit report       cwe: [Array],
285 silly audit report       cvss: [Object]
285 silly audit report     },
285 silly audit report     {
285 silly audit report       id: 1114006,
285 silly audit report       url: 'https://github.com/advisories/GHSA-q5qw-h33p-qvwr',
285 silly audit report       title: 'Hono vulnerable to arbitrary file access via serveStatic vulnerability ',
285 silly audit report       severity: 'high',
285 silly audit report       vulnerable_versions: '<4.12.4',
285 silly audit report       cwe: [Array],
285 silly audit report       cvss: [Object]
285 silly audit report     },
285 silly audit report     {
285 silly audit report       id: 1114341,
285 silly audit report       url: 'https://github.com/advisories/GHSA-v8w9-8mx6-g223',
285 silly audit report       title: 'Hono vulnerable to Prototype Pollution possible through __proto__ key allowed in parseBody({ dot: true })',
285 silly audit report       severity: 'moderate',
285 silly audit report       vulnerable_versions: '<4.12.7',
285 silly audit report       cwe: [Array],
285 silly audit report       cvss: [Object]
285 silly audit report     }
285 silly audit report   ],
285 silly audit report   lodash: [
285 silly audit report     {
285 silly audit report       id: 1112455,
285 silly audit report       url: 'https://github.com/advisories/GHSA-xxjr-mmjv-4gpg',
285 silly audit report       title: 'Lodash has Prototype Pollution Vulnerability in `_.unset` and `_.omit` functions',
285 silly audit report       severity: 'moderate',
285 silly audit report       vulnerable_versions: '>=4.0.0 <=4.17.22',
285 silly audit report       cwe: [Array],
285 silly audit report       cvss: [Object]
285 silly audit report     }
285 silly audit report   ]
285 silly audit report }
286 silly packumentCache corgi:https://registry.npmjs.org/@hono%2fnode-server cache-miss
287 silly packumentCache corgi:https://registry.npmjs.org/hono cache-miss
288 silly packumentCache corgi:https://registry.npmjs.org/lodash cache-miss
289 http fetch GET 200 https://registry.npmjs.org/yallist/-/yallist-4.0.0.tgz 218ms (cache miss)
290 http fetch GET 200 https://registry.npmjs.org/lru-cache/-/lru-cache-6.0.0.tgz 223ms (cache miss)
291 http fetch GET 200 https://registry.npmjs.org/pretty-format/-/pretty-format-3.8.0.tgz 236ms (cache miss)
292 http fetch GET 200 https://registry.npmjs.org/node-gyp-build/-/node-gyp-build-4.8.4.tgz 236ms (cache miss)
293 http fetch GET 200 https://registry.npmjs.org/object-hash/-/object-hash-2.2.0.tgz 251ms (cache miss)
294 http fetch GET 200 https://registry.npmjs.org/@auth/prisma-adapter/-/prisma-adapter-2.11.1.tgz 248ms (cache miss)
295 http fetch GET 200 https://registry.npmjs.org/oauth4webapi/-/oauth4webapi-3.8.5.tgz 259ms (cache miss)
296 http fetch GET 200 https://registry.npmjs.org/hono 76ms (cache revalidated)
297 silly packumentCache corgi:https://registry.npmjs.org/hono set size:680738 disposed:false
298 http fetch GET 200 https://registry.npmjs.org/lodash 91ms (cache revalidated)
299 silly packumentCache corgi:https://registry.npmjs.org/lodash set size:68481 disposed:false
300 http fetch GET 200 https://registry.npmjs.org/@hono%2fnode-server 98ms (cache revalidated)
301 silly packumentCache corgi:https://registry.npmjs.org/@hono%2fnode-server set size:81659 disposed:false
302 silly packumentCache corgi:https://registry.npmjs.org/@prisma%2fdev cache-miss
303 http fetch GET 200 https://registry.npmjs.org/@panva/hkdf/-/hkdf-1.2.1.tgz 325ms (cache miss)
304 http fetch GET 200 https://registry.npmjs.org/oauth/-/oauth-0.9.15.tgz 334ms (cache miss)
305 http fetch GET 200 https://registry.npmjs.org/node-addon-api/-/node-addon-api-8.6.0.tgz 338ms (cache miss)
306 http fetch GET 200 https://registry.npmjs.org/preact-render-to-string/-/preact-render-to-string-5.2.6.tgz 380ms (cache miss)
307 http fetch GET 200 https://registry.npmjs.org/openid-client/-/openid-client-5.7.1.tgz 384ms (cache miss)
308 http fetch GET 200 https://registry.npmjs.org/@prisma%2fdev 102ms (cache updated)
309 silly packumentCache corgi:https://registry.npmjs.org/@prisma%2fdev set size:undefined disposed:false
310 silly packumentCache corgi:https://registry.npmjs.org/@chevrotain%2fcst-dts-gen cache-miss
311 silly packumentCache corgi:https://registry.npmjs.org/@chevrotain%2fgast cache-miss
312 silly packumentCache corgi:https://registry.npmjs.org/chevrotain cache-miss
313 http fetch GET 200 https://registry.npmjs.org/bcrypt/-/bcrypt-6.0.0.tgz 531ms (cache miss)
314 http fetch GET 200 https://registry.npmjs.org/chevrotain 76ms (cache revalidated)
315 silly packumentCache corgi:https://registry.npmjs.org/chevrotain set size:274286 disposed:false
316 http fetch GET 200 https://registry.npmjs.org/@chevrotain%2fgast 93ms (cache revalidated)
317 silly packumentCache corgi:https://registry.npmjs.org/@chevrotain%2fgast set size:20755 disposed:false
318 http fetch GET 200 https://registry.npmjs.org/uuid/-/uuid-8.3.2.tgz 613ms (cache miss)
319 http fetch GET 200 https://registry.npmjs.org/@chevrotain%2fcst-dts-gen 107ms (cache revalidated)
320 silly packumentCache corgi:https://registry.npmjs.org/@chevrotain%2fcst-dts-gen set size:24893 disposed:false
321 silly packumentCache corgi:https://registry.npmjs.org/prisma cache-miss
322 http fetch GET 200 https://registry.npmjs.org/preact-render-to-string/-/preact-render-to-string-6.5.11.tgz 626ms (cache miss)
323 http fetch GET 200 https://registry.npmjs.org/prisma 92ms (cache revalidated)
324 silly packumentCache corgi:https://registry.npmjs.org/prisma set size:22600259 disposed:false
325 silly packumentCache corgi:https://registry.npmjs.org/@mrleebo%2fprisma-ast cache-miss
326 http fetch GET 200 https://registry.npmjs.org/@mrleebo%2fprisma-ast 48ms (cache revalidated)
327 silly packumentCache corgi:https://registry.npmjs.org/@mrleebo%2fprisma-ast set size:47236 disposed:false
328 silly packumentCache corgi:https://registry.npmjs.org/@prisma%2fclient cache-miss
329 http fetch GET 200 https://registry.npmjs.org/jose/-/jose-6.2.1.tgz 1325ms (cache miss)
330 http fetch GET 200 https://registry.npmjs.org/@prisma%2fclient 267ms (cache revalidated)
331 silly packumentCache corgi:https://registry.npmjs.org/@prisma%2fclient set size:37479562 disposed:false
332 http fetch GET 200 https://registry.npmjs.org/preact/-/preact-10.24.3.tgz 1904ms (cache miss)
333 http fetch GET 200 https://registry.npmjs.org/@babel/runtime/-/runtime-7.28.6.tgz 2024ms (cache miss)
334 http fetch GET 200 https://registry.npmjs.org/jose/-/jose-4.15.9.tgz 2277ms (cache miss)
335 http fetch GET 200 https://registry.npmjs.org/next-auth/-/next-auth-4.24.13.tgz 2357ms (cache miss)
336 http fetch GET 200 https://registry.npmjs.org/@auth/core/-/core-0.41.1.tgz 2608ms (cache miss)
337 info run bcrypt@6.0.0 install node_modules/bcrypt node-gyp-build
338 info run bcrypt@6.0.0 install { code: 0, signal: null }
339 silly ADD node_modules/pretty-format
340 silly ADD node_modules/oidc-token-hash
341 silly ADD node_modules/object-hash
342 silly ADD node_modules/uuid
343 silly ADD node_modules/preact-render-to-string
344 silly ADD node_modules/openid-client
345 silly ADD node_modules/openid-client/node_modules/yallist
346 silly ADD node_modules/openid-client/node_modules/lru-cache
347 silly ADD node_modules/oauth
348 silly ADD node_modules/jose
349 silly ADD node_modules/cookie
350 silly ADD node_modules/@babel/runtime
351 silly ADD node_modules/node-gyp-build
352 silly ADD node_modules/node-addon-api
353 silly ADD node_modules/preact
354 silly ADD node_modules/@panva/hkdf
355 silly ADD node_modules/next-auth
356 silly ADD node_modules/bcrypt
357 silly ADD node_modules/@auth/prisma-adapter
358 silly ADD node_modules/@auth/prisma-adapter/node_modules/preact-render-to-string
359 silly ADD node_modules/@auth/prisma-adapter/node_modules/oauth4webapi
360 silly ADD node_modules/@auth/prisma-adapter/node_modules/jose
361 silly ADD node_modules/@auth/prisma-adapter/node_modules/@auth/core
362 verbose cwd C:\Users\pchal\OneDrive\Desktop\secure-sub
363 verbose os Windows_NT 10.0.26200
364 verbose node v24.14.0
365 verbose npm  v11.9.0
366 verbose exit 0
367 info ok
